[    0.000000] Initializing cgroup subsys cpuset
[    0.000000] Initializing cgroup subsys cpu
[    0.000000] Initializing cgroup subsys cpuacct
[    0.000000] Linux version 4.4.0-210-generic (buildd@lgw01-amd64-009) (gcc version 5.4.0 20160609 (Ubuntu 5.4.0-6ubuntu1~16.04.12) ) #242-Ubuntu SMP Fri Apr 16 09:57:56 UTC 2021 (Ubuntu 4.4.0-210.242-generic 4.4.262)
[    0.000000] Command line: BOOT_IMAGE=/boot/vmlinuz-4.4.0-210-generic root=LABEL=cloudimg-rootfs ro console=tty1 console=ttyS0
[    0.000000] KERNEL supported cpus:
[    0.000000]   Intel GenuineIntel
[    0.000000]   AMD AuthenticAMD
[    0.000000]   Centaur CentaurHauls
[    0.000000] x86/fpu: xstate_offset[2]:  576, xstate_sizes[2]:  256
[    0.000000] x86/fpu: Supporting XSAVE feature 0x01: 'x87 floating point registers'
[    0.000000] x86/fpu: Supporting XSAVE feature 0x02: 'SSE registers'
[    0.000000] x86/fpu: Supporting XSAVE feature 0x04: 'AVX registers'
[    0.000000] x86/fpu: Enabled xstate features 0x7, context size is 832 bytes, using 'standard' format.
[    0.000000] e820: BIOS-provided physical RAM map:
[    0.000000] BIOS-e820: [mem 0x0000000000000000-0x000000000009fbff] usable
[    0.000000] BIOS-e820: [mem 0x000000000009fc00-0x000000000009ffff] reserved
[    0.000000] BIOS-e820: [mem 0x00000000000f0000-0x00000000000fffff] reserved
[    0.000000] BIOS-e820: [mem 0x0000000000100000-0x000000007ffeffff] usable
[    0.000000] BIOS-e820: [mem 0x000000007fff0000-0x000000007fffffff] ACPI data
[    0.000000] BIOS-e820: [mem 0x00000000fec00000-0x00000000fec00fff] reserved
[    0.000000] BIOS-e820: [mem 0x00000000fee00000-0x00000000fee00fff] reserved
[    0.000000] BIOS-e820: [mem 0x00000000fffc0000-0x00000000ffffffff] reserved
[    0.000000] NX (Execute Disable) protection: active
[    0.000000] SMBIOS 2.5 present.
[    0.000000] Hypervisor detected: KVM
[    0.000000] Kernel/User page tables isolation: disabled
[    0.000000] e820: last_pfn = 0x7fff0 max_arch_pfn = 0x400000000
[    0.000000] x86/PAT: Configuration [0-7]: WB  WC  UC- UC  WB  WC  UC- WT  
[    0.000000] found SMP MP-table at [mem 0x0009fbf0-0x0009fbff] mapped at [ffff88000009fbf0]
[    0.000000] Scanning 1 areas for low memory corruption
[    0.000000] RAMDISK: [mem 0x362dc000-0x37165fff]
[    0.000000] ACPI: Early table checksum verification disabled
[    0.000000] ACPI: RSDP 0x00000000000E0000 000024 (v02 VBOX  )
[    0.000000] ACPI: XSDT 0x000000007FFF0030 00003C (v01 VBOX   VBOXXSDT 00000001 ASL  00000061)
[    0.000000] ACPI: FACP 0x000000007FFF00F0 0000F4 (v04 VBOX   VBOXFACP 00000001 ASL  00000061)
[    0.000000] ACPI: DSDT 0x000000007FFF0310 002353 (v02 VBOX   VBOXBIOS 00000002 VBOX 00029BF3)
[    0.000000] ACPI: FACS 0x000000007FFF0200 000040
[    0.000000] ACPI: FACS 0x000000007FFF0200 000040
[    0.000000] ACPI: APIC 0x000000007FFF0240 00006C (v02 VBOX   VBOXAPIC 00000001 ASL  00000061)
[    0.000000] ACPI: SSDT 0x000000007FFF02B0 00005F (v01 VBOX   VBOXCPUT 00000002 VBOX 00029BF3)
[    0.000000] No NUMA configuration found
[    0.000000] Faking a node at [mem 0x0000000000000000-0x000000007ffeffff]
[    0.000000] NODE_DATA(0) allocated [mem 0x7ffeb000-0x7ffeffff]
[    0.000000] kvm-clock: Using msrs 4b564d01 and 4b564d00
[    0.000000] kvm-clock: cpu 0, msr 0:7ffe3001, primary cpu clock
[    0.000000] kvm-clock: using sched offset of 3156528536 cycles
[    0.000000] clocksource: kvm-clock: mask: 0xffffffffffffffff max_cycles: 0x1cd42e4dffb, max_idle_ns: 881590591483 ns
[    0.000000] Zone ranges:
[    0.000000]   DMA      [mem 0x0000000000001000-0x0000000000ffffff]
[    0.000000]   DMA32    [mem 0x0000000001000000-0x000000007ffeffff]
[    0.000000]   Normal   empty
[    0.000000]   Device   empty
[    0.000000] Movable zone start for each node
[    0.000000] Early memory node ranges
[    0.000000]   node   0: [mem 0x0000000000001000-0x000000000009efff]
[    0.000000]   node   0: [mem 0x0000000000100000-0x000000007ffeffff]
[    0.000000] Initmem setup node 0 [mem 0x0000000000001000-0x000000007ffeffff]
[    0.000000] ACPI: PM-Timer IO Port: 0x4008
[    0.000000] IOAPIC[0]: apic_id 4, version 32, address 0xfec00000, GSI 0-23
[    0.000000] ACPI: INT_SRC_OVR (bus 0 bus_irq 0 global_irq 2 dfl dfl)
[    0.000000] ACPI: INT_SRC_OVR (bus 0 bus_irq 9 global_irq 9 low level)
[    0.000000] Using ACPI (MADT) for SMP configuration information
[    0.000000] smpboot: Allowing 4 CPUs, 0 hotplug CPUs
[    0.000000] PM: Registered nosave memory: [mem 0x00000000-0x00000fff]
[    0.000000] PM: Registered nosave memory: [mem 0x0009f000-0x0009ffff]
[    0.000000] PM: Registered nosave memory: [mem 0x000a0000-0x000effff]
[    0.000000] PM: Registered nosave memory: [mem 0x000f0000-0x000fffff]
[    0.000000] e820: [mem 0x80000000-0xfebfffff] available for PCI devices
[    0.000000] Booting paravirtualized kernel on KVM
[    0.000000] clocksource: refined-jiffies: mask: 0xffffffff max_cycles: 0xffffffff, max_idle_ns: 7645519600211568 ns
[    0.000000] setup_percpu: NR_CPUS:512 nr_cpumask_bits:512 nr_cpu_ids:4 nr_node_ids:1
[    0.000000] PERCPU: Embedded 33 pages/cpu @ffff88007fc00000 s95192 r8192 d31784 u524288
[    0.000000] Built 1 zonelists in Node order, mobility grouping on.  Total pages: 515960
[    0.000000] Policy zone: DMA32
[    0.000000] Kernel command line: BOOT_IMAGE=/boot/vmlinuz-4.4.0-210-generic root=LABEL=cloudimg-rootfs ro console=tty1 console=ttyS0
[    0.000000] PID hash table entries: 4096 (order: 3, 32768 bytes)
[    0.000000] Memory: 2029720K/2096696K available (8644K kernel code, 1332K rwdata, 4044K rodata, 1492K init, 1164K bss, 66976K reserved, 0K cma-reserved)
[    0.000000] SLUB: HWalign=64, Order=0-3, MinObjects=0, CPUs=4, Nodes=1
[    0.000000] Hierarchical RCU implementation.
[    0.000000] 	Build-time adjustment of leaf fanout to 64.
[    0.000000] 	RCU restricting CPUs from NR_CPUS=512 to nr_cpu_ids=4.
[    0.000000] RCU: Adjusting geometry for rcu_fanout_leaf=64, nr_cpu_ids=4
[    0.000000] NR_IRQS:33024 nr_irqs:456 16
[    0.000000] Console: colour VGA+ 80x25
[    0.000000] console [tty1] enabled
[    0.000000] console [ttyS0] enabled
[    0.000000] tsc: Detected 2995.202 MHz processor
[    0.157775] Calibrating delay loop (skipped) preset value.. 5990.40 BogoMIPS (lpj=11980808)
[    0.159294] pid_max: default: 32768 minimum: 301
[    0.160100] ACPI: Core revision 20150930
[    0.161577] ACPI: 2 ACPI AML tables successfully acquired and loaded
[    0.162667] Security Framework initialized
[    0.163322] Yama: becoming mindful.
[    0.163999] AppArmor: AppArmor initialized
[    0.168547] Dentry cache hash table entries: 262144 (order: 9, 2097152 bytes)
[    0.170503] Inode-cache hash table entries: 131072 (order: 8, 1048576 bytes)
[    0.172026] Mount-cache hash table entries: 4096 (order: 3, 32768 bytes)
[    0.173318] Mountpoint-cache hash table entries: 4096 (order: 3, 32768 bytes)
[    0.176865] Initializing cgroup subsys io
[    0.177971] Initializing cgroup subsys memory
[    0.178876] Initializing cgroup subsys devices
[    0.179729] Initializing cgroup subsys freezer
[    0.180517] Initializing cgroup subsys net_cls
[    0.181376] Initializing cgroup subsys perf_event
[    0.182208] Initializing cgroup subsys net_prio
[    0.183038] Initializing cgroup subsys hugetlb
[    0.184489] Initializing cgroup subsys pids
[    0.218204] mce: CPU supports 0 MCE banks
[    0.219549] Last level iTLB entries: 4KB 0, 2MB 0, 4MB 0
[    0.220870] Last level dTLB entries: 4KB 0, 2MB 0, 4MB 0, 1GB 0
[    0.221841] Spectre V1 : Mitigation: usercopy/swapgs barriers and __user pointer sanitization
[    0.223813] Spectre V2 : Mitigation: Full generic retpoline
[    0.225058] Spectre V2 : Spectre v2 / SpectreRSB mitigation: Filling RSB on context switch
[    0.226188] Speculative Store Bypass: Vulnerable
[    0.228970] Freeing SMP alternatives memory: 36K
[    0.235497] ftrace: allocating 32380 entries in 127 pages
[    0.294708] smpboot: APIC(0) Converting physical 0 to logical package 0
[    0.296340] smpboot: Max logical packages: 1
[    0.297658] x2apic enabled
[    0.298621] Switched APIC routing to physical x2apic.
[    0.301032] ..TIMER: vector=0x30 apic1=0 pin1=2 apic2=-1 pin2=-1
[    0.410543] smpboot: CPU0: 11th Gen Intel(R) Core(TM) i3-1115G4 @ 3.00GHz (family: 0x6, model: 0x8c, stepping: 0x1)
[    0.413240] Performance Events: unsupported p6 CPU model 140 no PMU driver, software events only.
[    0.425469] KVM setup paravirtual spinlock
[    0.427493] x86: Booting SMP configuration:
[    0.428313] .... node  #0, CPUs:      #1
[    0.429321] kvm-clock: cpu 1, msr 0:7ffe3041, secondary cpu clock
[    0.457253] mce: CPU supports 0 MCE banks
[    0.460179]  #2
[    0.460726] kvm-clock: cpu 2, msr 0:7ffe3081, secondary cpu clock
[    0.489471] mce: CPU supports 0 MCE banks
[    0.492351]  #3
[    0.492839] kvm-clock: cpu 3, msr 0:7ffe30c1, secondary cpu clock
[    0.522005] mce: CPU supports 0 MCE banks
[    0.524924] x86: Booted up 1 node, 4 CPUs
[    0.525767] smpboot: Total of 4 processors activated (23961.61 BogoMIPS)
[    0.528409] devtmpfs: initialized
[    0.530004] evm: security.selinux
[    0.530783] evm: security.SMACK64
[    0.531521] evm: security.SMACK64EXEC
[    0.532196] evm: security.SMACK64TRANSMUTE
[    0.532951] evm: security.SMACK64MMAP
[    0.533620] evm: security.ima
[    0.534882] evm: security.capability
[    0.535932] clocksource: jiffies: mask: 0xffffffff max_cycles: 0xffffffff, max_idle_ns: 7645041785100000 ns
[    0.537243] futex hash table entries: 1024 (order: 4, 65536 bytes)
[    0.540731] pinctrl core: initialized pinctrl subsystem
[    0.541524] RTC time: 15:04:09, date: 12/16/25
[    0.542592] NET: Registered protocol family 16
[    0.555849] cpuidle: using governor ladder
[    0.573290] cpuidle: using governor menu
[    0.574639] PCCT header not found.
[    0.575787] ACPI: bus type PCI registered
[    0.577691] acpiphp: ACPI Hot Plug PCI Controller Driver version: 0.5
[    0.579295] PCI: Using configuration type 1 for base access
[    0.595449] ACPI: Added _OSI(Module Device)
[    0.596805] ACPI: Added _OSI(Processor Device)
[    0.597521] ACPI: Added _OSI(3.0 _SCP Extensions)
[    0.598235] ACPI: Added _OSI(Processor Aggregator Device)
[    0.603057] ACPI: Executed 1 blocks of module-level executable AML code
[    0.607828] ACPI: Interpreter enabled
[    0.608373] ACPI: (supports S0 S5)
[    0.608994] ACPI: Using IOAPIC for interrupt routing
[    0.610041] PCI: Using host bridge windows from ACPI; if necessary, use "pci=nocrs" and report a bug
[    0.614497] ACPI: PCI Root Bridge [PCI0] (domain 0000 [bus 00-ff])
[    0.615675] acpi PNP0A03:00: _OSC: OS supports [ASPM ClockPM Segments MSI]
[    0.616939] acpi PNP0A03:00: _OSC: not requesting OS control; OS requires [ExtendedConfig ASPM ClockPM MSI]
[    0.621937] acpi PNP0A03:00: fail to add MMCONFIG information, can't access extended PCI configuration space under this bridge.
[    0.624564] PCI host bridge to bus 0000:00
[    0.625936] pci_bus 0000:00: root bus resource [io  0x0000-0x0cf7 window]
[    0.627783] pci_bus 0000:00: root bus resource [io  0x0d00-0xffff window]
[    0.629206] pci_bus 0000:00: root bus resource [mem 0x000a0000-0x000bffff window]
[    0.631713] pci_bus 0000:00: root bus resource [mem 0x80000000-0xfdffffff window]
[    0.632906] pci_bus 0000:00: root bus resource [bus 00-ff]
[    0.636092] pci 0000:00:01.1: legacy IDE quirk: reg 0x10: [io  0x01f0-0x01f7]
[    0.637149] pci 0000:00:01.1: legacy IDE quirk: reg 0x14: [io  0x03f6]
[    0.638139] pci 0000:00:01.1: legacy IDE quirk: reg 0x18: [io  0x0170-0x0177]
[    0.639023] pci 0000:00:01.1: legacy IDE quirk: reg 0x1c: [io  0x0376]
[    0.665315] pci 0000:00:07.0: quirk: [io  0x4000-0x403f] claimed by PIIX4 ACPI
[    0.668244] pci 0000:00:07.0: quirk: [io  0x4100-0x410f] claimed by PIIX4 SMB
[    0.685212] ACPI: PCI Interrupt Link [LNKA] (IRQs 5 9 10 *11)
[    0.694936] ACPI: PCI Interrupt Link [LNKB] (IRQs 5 9 *10 11)
[    0.696357] ACPI: PCI Interrupt Link [LNKC] (IRQs 5 *9 10 11)
[    0.697741] ACPI: PCI Interrupt Link [LNKD] (IRQs 5 9 10 *11)
[    0.698996] ACPI: Enabled 2 GPEs in block 00 to 07
[    0.700108] vgaarb: setting as boot device: PCI:0000:00:02.0
[    0.701973] vgaarb: device added: PCI:0000:00:02.0,decodes=io+mem,owns=io+mem,locks=none
[    0.703040] vgaarb: loaded
[    0.703443] vgaarb: bridge control possible 0000:00:02.0
[    0.704371] SCSI subsystem initialized
[    0.705079] ACPI: bus type USB registered
[    0.706188] usbcore: registered new interface driver usbfs
[    0.706983] usbcore: registered new interface driver hub
[    0.707875] usbcore: registered new device driver usb
[    0.708733] PCI: Using ACPI for IRQ routing
[    0.709556] NetLabel: Initializing
[    0.710064] NetLabel:  domain hash size = 128
[    0.710698] NetLabel:  protocols = UNLABELED CIPSOv4
[    0.711459] NetLabel:  unlabeled traffic allowed by default
[    0.712381] amd_nb: Cannot enumerate AMD northbridges
[    0.713250] clocksource: Switched to clocksource kvm-clock
[    0.725607] AppArmor: AppArmor Filesystem Enabled
[    0.726476] pnp: PnP ACPI init
[    0.727680] pnp: PnP ACPI: found 3 devices
[    0.735957] clocksource: acpi_pm: mask: 0xffffff max_cycles: 0xffffff, max_idle_ns: 2085701024 ns
[    0.737255] NET: Registered protocol family 2
[    0.738261] TCP established hash table entries: 16384 (order: 5, 131072 bytes)
[    0.739326] TCP bind hash table entries: 16384 (order: 6, 262144 bytes)
[    0.743041] TCP: Hash tables configured (established 16384 bind 16384)
[    0.743866] UDP hash table entries: 1024 (order: 3, 32768 bytes)
[    0.744751] UDP-Lite hash table entries: 1024 (order: 3, 32768 bytes)
[    0.745709] NET: Registered protocol family 1
[    0.746448] pci 0000:00:00.0: Limiting direct PCI/PCI transfers
[    0.747370] pci 0000:00:01.0: Activating ISA DMA hang workarounds
[    0.748343] Unpacking initramfs...
[    1.021981] Freeing initrd memory: 14888K
[    1.023062] clocksource: tsc: mask: 0xffffffffffffffff max_cycles: 0x2b2c909a7c7, max_idle_ns: 440795208498 ns
[    1.024376] platform rtc_cmos: registered platform RTC device (no PNP device found)
[    1.025615] Scanning for low memory corruption every 60 seconds
[    1.030820] audit: initializing netlink subsys (disabled)
[    1.031542] audit: type=2000 audit(1765897454.670:1): initialized
[    1.032966] Initialise system trusted keyring
[    1.034188] HugeTLB registered 2 MB page size, pre-allocated 0 pages
[    1.036107] zbud: loaded
[    1.036841] VFS: Disk quotas dquot_6.6.0
[    1.037516] VFS: Dquot-cache hash table entries: 512 (order 0, 4096 bytes)
[    1.038591] squashfs: version 4.0 (2009/01/31) Phillip Lougher
[    1.039618] fuse init (API version 7.23)
[    1.040343] Key type big_key registered
[    1.040954] Allocating IMA MOK and blacklist keyrings.
[    1.042728] Key type asymmetric registered
[    1.043398] Asymmetric key parser 'x509' registered
[    1.044168] Block layer SCSI generic (bsg) driver version 0.4 loaded (major 249)
[    1.045376] io scheduler noop registered
[    1.045982] io scheduler deadline registered (default)
[    1.046755] io scheduler cfq registered
[    1.047457] pci_hotplug: PCI Hot Plug PCI Core version: 0.5
[    1.048204] pciehp: PCI Express Hot Plug Controller Driver version: 0.4
[    1.049186] ACPI: AC Adapter [AC] (on-line)
[    1.050003] input: Power Button as /devices/LNXSYSTM:00/LNXPWRBN:00/input/input0
[    1.051348] ACPI: Power Button [PWRF]
[    1.052023] input: Sleep Button as /devices/LNXSYSTM:00/LNXSLPBN:00/input/input1
[    1.053022] ACPI: Sleep Button [SLPF]
[    1.053791] GHES: HEST is not enabled!
[    1.054379] ACPI: Battery Slot [BAT0] (battery present)
[    1.055157] Serial: 8250/16550 driver, 32 ports, IRQ sharing enabled
[    1.076437] 00:02: ttyS0 at I/O 0x3f8 (irq = 4, base_baud = 115200) is a 16550A
[    1.079470] Linux agpgart interface v0.103
[    1.085896] loop: module loaded
[    1.087057] scsi host0: ata_piix
[    1.087813] scsi host1: ata_piix
[    1.088338] ata1: PATA max UDMA/33 cmd 0x1f0 ctl 0x3f6 bmdma 0xd000 irq 14
[    1.089173] ata2: PATA max UDMA/33 cmd 0x170 ctl 0x376 bmdma 0xd008 irq 15
[    1.090182] libphy: Fixed MDIO Bus: probed
[    1.090768] tun: Universal TUN/TAP device driver, 1.6
[    1.091410] tun: (C) 1999-2004 Max Krasnyansky <maxk@qualcomm.com>
[    1.092310] PPP generic driver version 2.4.2
[    1.092943] ehci_hcd: USB 2.0 'Enhanced' Host Controller (EHCI) Driver
[    1.093853] ehci-pci: EHCI PCI platform driver
[    1.094539] ehci-platform: EHCI generic platform driver
[    1.095339] ohci_hcd: USB 1.1 'Open' Host Controller (OHCI) Driver
[    1.096237] ohci-pci: OHCI PCI platform driver
[    1.096890] ohci-platform: OHCI generic platform driver
[    1.097739] uhci_hcd: USB Universal Host Controller Interface driver
[    1.098591] i8042: PNP: PS/2 Controller [PNP0303:PS2K,PNP0f03:PS2M] at 0x60,0x64 irq 1,12
[    1.100103] serio: i8042 KBD port at 0x60,0x64 irq 1
[    1.102036] serio: i8042 AUX port at 0x60,0x64 irq 12
[    1.102997] mousedev: PS/2 mouse device common for all mice
[    1.104098] input: AT Translated Set 2 keyboard as /devices/platform/i8042/serio0/input/input2
[    1.105646] rtc_cmos rtc_cmos: rtc core: registered rtc_cmos as rtc0
[    1.106617] rtc_cmos rtc_cmos: alarms up to one day, 114 bytes nvram
[    1.107440] i2c /dev entries driver
[    1.108096] device-mapper: uevent: version 1.0.3
[    1.108860] device-mapper: ioctl: 4.34.0-ioctl (2015-10-28) initialised: dm-devel@redhat.com
[    1.110000] ledtrig-cpu: registered to indicate activity on CPUs
[    1.111061] NET: Registered protocol family 10
[    1.111969] NET: Registered protocol family 17
[    1.112552] Key type dns_resolver registered
[    1.113554] registered taskstats version 1
[    1.114194] Loading compiled-in X.509 certificates
[    1.115423] Loaded X.509 cert 'Build time autogenerated kernel key: cf00e047681d67edb2720680708b7d9498083038'
[    1.116879] zswap: loaded using pool lzo/zbud
[    1.120286] Key type trusted registered
[    1.123042] Key type encrypted registered
[    1.123635] AppArmor: AppArmor sha1 policy hashing enabled
[    1.124441] ima: No TPM chip found, activating TPM-bypass!
[    1.125248] ima: Allocated hash algorithm: sha1
[    1.125974] evm: HMAC attrs: 0x1
[    1.126758]   Magic number: 5:344:83
[    1.127418] rtc_cmos rtc_cmos: setting system clock to 2025-12-16 15:04:10 UTC (1765897450)
[    1.128724] BIOS EDD facility v0.16 2004-Jun-25, 0 devices found
[    1.129488] EDD information not available.
[    1.272955] Freeing unused kernel memory: 1492K
[    1.274087] Write protecting the kernel read-only data: 14336k
[    1.275999] Freeing unused kernel memory: 1584K
[    1.276779] Freeing unused kernel memory: 52K
Loading, please wait...
starting version 229
[    1.287277] random: systemd-udevd: uninitialized urandom read (16 bytes read, 3 bits of entropy available)
[    1.288007] random: udevadm: uninitialized urandom read (16 bytes read, 3 bits of entropy available)
[    1.288039] random: udevadm: uninitialized urandom read (16 bytes read, 3 bits of entropy available)
[    1.292334] random: systemd-udevd: uninitialized urandom read (16 bytes read, 3 bits of entropy available)
[    1.293836] random: udevadm: uninitialized urandom read (16 bytes read, 3 bits of entropy available)
[    1.293883] random: udevadm: uninitialized urandom read (16 bytes read, 3 bits of entropy available)
[    1.294095] random: udevadm: uninitialized urandom read (16 bytes read, 3 bits of entropy available)
[    1.294152] random: udevadm: uninitialized urandom read (16 bytes read, 3 bits of entropy available)
[    1.294206] random: udevadm: uninitialized urandom read (16 bytes read, 3 bits of entropy available)
[    1.294261] random: udevadm: uninitialized urandom read (16 bytes read, 3 bits of entropy available)
[    1.358240] e1000: Intel(R) PRO/1000 Network Driver - version 7.3.21-k8-NAPI
[    1.361356] e1000: Copyright (c) 1999-2006 Intel Corporation.
[    1.379689] Fusion MPT base driver 3.04.20
[    1.383068] Copyright (c) 1999-2008 LSI Corporation
[    1.395774] Fusion MPT SPI Host driver 3.04.20
[    1.399407] AVX2 version of gcm_enc/dec engaged.
[    1.403581] AES CTR mode by8 optimization enabled
[    1.581883] input: ImExPS/2 Generic Explorer Mouse as /devices/platform/i8042/serio1/input/input4
[    1.767055] e1000 0000:00:03.0 eth0: (PCI:33MHz:32-bit) 02:be:82:6b:cc:1d
[    1.769831] e1000 0000:00:03.0 eth0: Intel(R) PRO/1000 Network Connection
[    2.164104] e1000 0000:00:08.0 eth1: (PCI:33MHz:32-bit) 08:00:27:c6:d1:07
[    2.166642] e1000 0000:00:08.0 eth1: Intel(R) PRO/1000 Network Connection
[    2.170025] mptbase: ioc0: Initiating bringup
[    2.170396] e1000 0000:00:08.0 enp0s8: renamed from eth1
[    2.186350] e1000 0000:00:03.0 enp0s3: renamed from eth0
[    2.994119] ioc0: LSI53C1030 A0: Capabilities={Initiator}
[    4.441844] scsi host2: ioc0: LSI53C1030 A0, FwRev=00000000h, Ports=1, MaxQ=256, IRQ=20
[    5.523165] scsi 2:0:0:0: Direct-Access     VBOX     HARDDISK         1.0  PQ: 0 ANSI: 5
[    5.524773] scsi target2:0:0: Beginning Domain Validation
[    5.526362] scsi target2:0:0: Domain Validation skipping write tests
[    5.527240] scsi target2:0:0: Ending Domain Validation
[    5.528660] scsi target2:0:0: asynchronous
[    5.530421] scsi 2:0:1:0: Direct-Access     VBOX     HARDDISK         1.0  PQ: 0 ANSI: 5
[    5.531569] scsi target2:0:1: Beginning Domain Validation
[    5.536346] scsi target2:0:1: Domain Validation skipping write tests
[    5.537330] scsi target2:0:1: Ending Domain Validation
[    5.538320] scsi target2:0:1: asynchronous
[    5.549712] sd 2:0:0:0: [sda] 83886080 512-byte logical blocks: (42.9 GB/40.0 GiB)
[    5.552542] sd 2:0:0:0: Attached scsi generic sg0 type 0
[    5.553601] sd 2:0:0:0: [sda] Write Protect is off
[    5.554504] sd 2:0:0:0: [sda] Write cache: enabled, read cache: enabled, supports DPO and FUA
[    5.556227] sd 2:0:1:0: Attached scsi generic sg1 type 0
[    5.556437] sd 2:0:1:0: [sdb] 20480 512-byte logical blocks: (10.5 MB/10.0 MiB)
[    5.556604] sd 2:0:1:0: [sdb] Write Protect is off
[    5.556709] sd 2:0:1:0: [sdb] Write cache: enabled, read cache: enabled, supports DPO and FUA
[    5.558112]  sda: sda1
[    5.558777] sd 2:0:0:0: [sda] Attached SCSI disk
[    5.559657] sd 2:0:1:0: [sdb] Attached SCSI disk
Begin: Loading essential drivers ... [    6.861209] md: linear personality registered for level -1
[    6.864573] md: multipath personality registered for level -4
[    6.868988] md: raid0 personality registered for level 0
[    6.872782] md: raid1 personality registered for level 1
[    6.941407] raid6: sse2x1   gen() 11668 MB/s
[    7.009359] raid6: sse2x1   xor()  6379 MB/s
[    7.077498] raid6: sse2x2   gen() 14607 MB/s
[    7.145358] raid6: sse2x2   xor() 11671 MB/s
[    7.213354] raid6: sse2x4   gen() 15791 MB/s
[    7.281373] raid6: sse2x4   xor() 10936 MB/s
[    7.349426] raid6: avx2x1   gen() 20515 MB/s
[    7.418069] raid6: avx2x2   gen() 26784 MB/s
[    7.485594] raid6: avx2x4   gen() 27781 MB/s
[    7.486400] raid6: using algorithm avx2x4 gen() 27781 MB/s
[    7.487259] raid6: using avx2x2 recovery algorithm
[    7.489108] xor: automatically using best checksumming function:
[    7.529758]    avx       : 21649.000 MB/sec
[    7.531645] async_tx: api initialized (async)
[    7.542390] md: raid6 personality registered for level 6
[    7.543373] md: raid5 personality registered for level 5
[    7.544337] md: raid4 personality registered for level 4
[    7.551298] md: raid10 personality registered for level 10
done.
Begin: Running /scripts/init-premount ... done.
Begin: Mounting root file system ... Begin: Running /scripts/local-top ... done.
Begin: Running /scripts/local-premount ... [    7.575999] Btrfs loaded
Scanning for Btrfs filesystems
done.
Warning: fsck not present, so skipping root file system
[    7.614650] EXT4-fs (sda1): mounted filesystem with ordered data mode. Opts: (null)
done.
Begin: Running /scripts/local-bottom ... done.
Begin: Running /scripts/init-bottom ... done.
[    7.711847] systemd[1]: systemd 229 running in system mode. (+PAM +AUDIT +SELINUX +IMA +APPARMOR +SMACK +SYSVINIT +UTMP +LIBCRYPTSETUP +GCRYPT +GNUTLS +ACL +XZ -LZ4 +SECCOMP +BLKID +ELFUTILS +KMOD -IDN)
[    7.714236] systemd[1]: Detected virtualization oracle.
[    7.714984] systemd[1]: Detected architecture x86-64.

Welcome to [1mUbuntu 16.04.7 LTS[0m!

[    7.719112] systemd[1]: Set hostname to <ubuntu>.
[    7.722788] systemd[1]: Initializing machine ID from random generator.
[    7.723623] systemd[1]: Installed transient /etc/machine-id file.
[    7.834070] systemd[1]: Reached target Encrypted Volumes.
[[0;32m  OK  [0m] Reached target Encrypted Volumes.
[    7.835642] systemd[1]: Listening on Journal Audit Socket.
[[0;32m  OK  [0m] Listening on Journal Audit Socket.
[    7.836979] systemd[1]: Reached target User and Group Name Lookups.
[[0;32m  OK  [0m] Reached target User and Group Name Lookups.
[    7.838494] systemd[1]: Listening on /dev/initctl Compatibility Named Pipe.
[[0;32m  OK  [0m] Listening on /dev/initctl Compatibility Named Pipe.
[    7.839963] systemd[1]: Listening on LVM2 poll daemon socket.
[[0;32m  OK  [0m] Listening on LVM2 poll daemon socket.
[    7.841372] systemd[1]: Listening on udev Control Socket.
[[0;32m  OK  [0m] Listening on udev Control Socket.
[    7.842801] systemd[1]: Set up automount Arbitrary Executable File Formats File System Automount Point.
[[0;32m  OK  [0m] Set up automount Arbitrary Executab...ats File System Automount Point.
[    7.844873] systemd[1]: Listening on Journal Socket.
[[0;32m  OK  [0m] Listening on Journal Socket.
[    7.846083] systemd[1]: Listening on Device-mapper event daemon FIFOs.
[[0;32m  OK  [0m] Listening on Device-mapper event daemon FIFOs.
[    7.847698] systemd[1]: Started Forward Password Requests to Wall Directory Watch.
[[0;32m  OK  [0m] Started Forward Password Requests to Wall Directory Watch.
[    7.849716] systemd[1]: Listening on Journal Socket (/dev/log).
[[0;32m  OK  [0m] Listening on Journal Socket (/dev/log).
[    7.851451] systemd[1]: Listening on Syslog Socket.
[[0;32m  OK  [0m] Listening on Syslog Socket.
[    7.858103] systemd[1]: Created slice System Slice.
[[0;32m  OK  [0m] Created slice System Slice.
[    7.878234] systemd[1]: Starting Set console keymap...
         Starting Set console keymap...
[    7.883014] systemd[1]: Starting Nameserver information manager...
         Starting Nameserver information manager...
[    7.887710] systemd[1]: Mounting POSIX Message Queue File System...
         Mounting POSIX Message Queue File System...
[    7.899290] systemd[1]: Starting Journal Service...
         Starting Journal Service...
[    7.902771] systemd[1]: Starting Create list of required static device nodes for the current kernel...
         Starting Create list of required st... nodes for the current kernel...
[    7.908309] systemd[1]: Started Trigger resolvconf update for networkd DNS.
[[0;32m  OK  [0m] Started Trigger resolvconf update for networkd DNS.
[    7.912386] systemd[1]: Starting Load Kernel Modules...
         Starting Load Kernel Modules...
[    7.922704] systemd[1]: Created slice system-serial\x2dgetty.slice.
[    7.926829] Loading iSCSI transport class v2.0-870.
[[0;32m  OK  [0m] Created slice system-serial\x2dgetty.slice.
[    7.929031] systemd[1]: Reached target System Time Synchronized.
[[0;32m  OK  [0m] Reached target System Time Synchronized.
[    7.932191] systemd[1]: Listening on fsck to fsckd communication Socket.
[[0;32m  OK  [0m] Listening on fsck to fsckd communication Socket.
[    7.935682] systemd[1]: Starting File System Check on Root Device...
[    7.938310] iscsi: registered transport (tcp)
         Starting File System Check on Root Device...
[    7.940478] systemd[1]: Mounting Debug File System...
         Mounting Debug File System...
[    7.943540] systemd[1]: Starting Uncomplicated firewall...
         Starting Uncomplicated firewall...
[    7.945756] systemd[1]: Listening on LVM2 metadata daemon socket.
[[0;32m  OK  [0m] Listening on LVM2 metadata daemon socket.
[    7.952817] systemd[1]: Starting Monitoring of LVM2 mirrors, snapshots etc. using dmeventd or progress polling...
         Starting Monitoring of LVM2 mirrors... dmeventd or progress polling...
[    7.956283] systemd[1]: Mounting Huge Pages File System...
         Mounting Huge Pages File System...
[    7.958983] systemd[1]: Listening on udev Kernel Socket.
[[0;32m  OK  [0m] Listening on udev Kernel Socket.
[    7.960697] systemd[1]: Created slice User and Session Slice.
[[0;32m  OK  [0m] Created slice User and Session Slice.
[    7.962585] systemd[1]: Reached target Slices.
[[0;32m  OK  [0m] Reached target Slices.
[    7.964018] systemd[1]: Reached target Swap.
[[0;32m  OK  [0m] Reached target Swap.
[    7.967462] systemd[1]: Mounted Huge Pages File System.
[[0;32m  OK  [0m] Mounted Huge Pages File System.
[    7.969514] systemd[1]: Mounted POSIX Message Queue File System.
[[0;32m  OK  [0m] Mounted POSIX Message Queue File System.
[    7.971126] systemd[1]: Mounted Debug File System.
[[0;32m  OK  [0m] Mounted Debug File System.
[    7.973243] systemd[1]: Started Journal Service.
[[0;32m  OK  [0m] Started Journal Service.
[[0;32m  OK  [0m] Started Set console keymap.
[[0;32m  OK  [0m] Started Create list of required sta...ce nodes for the current kernel.
[[0;32m  OK  [0m] Started File System Check on Root Device.
[[0;32m  OK  [0m] Started Uncomplicated firewall.
[[0;32m  OK  [0m] Started Nameserver information manager.
[    7.995491] iscsi: registered transport (iser)
[[0;32m  OK  [0m] Started Load Kernel Modules.
         Mounting FUSE Control File System...
         Starting Apply Kernel Variables...
[[0;32m  OK  [0m] Started LVM2 metadata daemon.
[[0;32m  OK  [0m] Started File System Check Daemon to report status.
         Starting Remount Root and Kernel File Systems...
         Starting Create Static Device Nodes in /dev...
[[0;32m  OK  [0m] Mounted FUSE Control File System.
[[0;32m  OK  [0m] Started Apply Kernel Variables.
[[0;32m  OK  [0m] Started Remount Root and Kernel File Systems.
         Starting udev Coldplug all Devices...
         Starting Flush Journal to Persistent Storage...
         Starting Load/Save Random Seed...
[[0;32m  OK  [0m] Started Create Static Device Nodes in /dev.
[[0;32m  OK  [0m] Started Load/Save Random Seed.
         Starting udev Kernel Device Manager...
[[0;32m  OK  [0m] Started Flush Journal to Persistent Storage.
[[0;32m  OK  [0m] Started udev Coldplug all Devices.
[[0;32m  OK  [0m] Started udev Kernel Device Manager.
[[0;32m  OK  [0m] Started Dispatch Password Requests to Console Directory Watch.
[[0;32m  OK  [0m] Started Monitoring of LVM2 mirrors,...ng dmeventd or progress polling.
[[0;32m  OK  [0m] Reached target Local File Systems (Pre).
[[0;32m  OK  [0m] Reached target Local File Systems.
         Starting Set console font and keymap...
         Starting Tell Plymouth To Write Out Runtime Data...
         Starting Initial cloud-init job (pre-networking)...
         Starting Commit a transient machine-id on disk...
         Starting LSB: AppArmor initialization...
         Starting Create Volatile Files and Directories...
[[0;32m  OK  [0m] Started Tell Plymouth To Write Out Runtime Data.
[[0;32m  OK  [0m] Started Create Volatile Files and Directories.
[[0;32m  OK  [0m] Found device /dev/ttyS0.
         Starting Update UTMP about System Boot/Shutdown...
[[0;32m  OK  [0m] Started Update UTMP about System Boot/Shutdown.
[[0;32m  OK  [0m] Started Commit a transient machine-id on disk.
[[0;32m  OK  [0m] Listening on Load/Save RF Kill Switch Status /dev/rfkill Watch.
[[0;32m  OK  [0m] Started LSB: AppArmor initialization.
         Starting Load AppArmor profiles managed internally by snapd...
[[0;32m  OK  [0m] Started Load AppArmor profiles managed internally by snapd.
[[0;32m  OK  [0m] Started Set console font and keymap.
[[0;32m  OK  [0m] Created slice system-getty.slice.
[    9.222012] cloud-init[521]: Cloud-init v. 21.1-19-gbad84ad4-0ubuntu1~16.04.2 running 'init-local' at Tue, 16 Dec 2025 15:04:18 +0000. Up 8.93 seconds.
[[0;32m  OK  [0m] Started Initial cloud-init job (pre-networking).
[[0;32m  OK  [0m] Reached target Network (Pre).
         Starting Raise network interfaces...
[[0;32m  OK  [0m] Started Raise network interfaces.
[[0;32m  OK  [0m] Reached target Network.
         Starting Initial cloud-init job (metadata service crawler)...
[   10.543573] cloud-init[983]: Cloud-init v. 21.1-19-gbad84ad4-0ubuntu1~16.04.2 running 'init' at Tue, 16 Dec 2025 15:04:19 +0000. Up 10.08 seconds.
[   10.548477] cloud-init[983]: ci-info: ++++++++++++++++++++++++++++++++++++++Net device info+++++++++++++++++++++++++++++++++++++++
[   10.549595] cloud-init[983]: ci-info: +--------+-------+----------------------------+---------------+--------+-------------------+
[   10.550932] cloud-init[983]: ci-info: | Device |   Up  |          Address           |      Mask     | Scope  |     Hw-Address    |
[   10.552299] cloud-init[983]: ci-info: +--------+-------+----------------------------+---------------+--------+-------------------+
[   10.554101] cloud-init[983]: ci-info: | enp0s3 |  True |         10.0.2.15          | 255.255.255.0 | global | 02:be:82:6b:cc:1d |
[   10.555791] cloud-init[983]: ci-info: | enp0s3 |  True | fe80::be:82ff:fe6b:cc1d/64 |       .       |  link  | 02:be:82:6b:cc:1d |
[   10.556924] cloud-init[983]: ci-info: | enp0s8 | False |             .              |       .       |   .    | 08:00:27:c6:d1:07 |
[   10.558757] cloud-init[983]: ci-info: |   lo   |  True |         127.0.0.1          |   255.0.0.0   |  host  |         .         |
[   10.560394] cloud-init[983]: ci-info: |   lo   |  True |          ::1/128           |       .       |  host  |         .         |
[   10.564670] cloud-init[983]: ci-info: +--------+-------+----------------------------+---------------+--------+-------------------+
[   10.565642] cloud-init[983]: ci-info: +++++++++++++++++++++++++++Route IPv4 info++++++++++++++++++++++++++++
[   10.568660] cloud-init[983]: ci-info: +-------+-------------+----------+---------------+-----------+-------+
[   10.571835] cloud-init[983]: ci-info: | Route | Destination | Gateway  |    Genmask    | Interface | Flags |
[   10.574996] cloud-init[983]: ci-info: +-------+-------------+----------+---------------+-----------+-------+
[   10.578016] cloud-init[983]: ci-info: |   0   |   0.0.0.0   | 10.0.2.2 |    0.0.0.0    |   enp0s3  |   UG  |
[   10.580535] cloud-init[983]: ci-info: |   1   |   10.0.2.0  | 0.0.0.0  | 255.255.255.0 |   enp0s3  |   U   |
[   10.584425] cloud-init[983]: ci-info: +-------+-------------+----------+---------------+-----------+-------+
[   10.592460] [cloud-init[0;32m  OK  [0m[983]: ] ci-info: +++++++++++++++++++Route IPv6 info+++++++++++++++++++Started Initial cloud-init job (metadata service crawler).

[   10.592593] cloud-init[983]: ci-info: +-------+-------------+---------+-----------+-------+
[   10.602718] [cloud-init[0;32m  OK  [0m[983]: ] ci-info: | Route | Destination | Gateway | Interface | Flags |Reached target Network is Online.

[   10.602905] cloud-init[983]: ci-info: +-------+-------------+---------+-----------+-------+
[   10.616841] cloud-init[983]: ci-info: |   0   |  fe80::/64  |    ::   |   enp0s3  |   U   |
         Starting iSCSI initiator daemon (iscsid)...
[[   10.624920] [0;32m  OK  [0mcloud-init] [983]: Reached target System Initialization.ci-info: |   3   |   ff00::/8  |    ::   |   enp0s3  |   U   |

[   10.627185]          cloud-initStarting LXD - unix socket.[983]: 
ci-info: +-------+-------------+---------+-----------+-------+
[   10.629392] cloud-init[[983]: [0;32m  OK  [0mGenerating public/private rsa key pair.] 
Listening on ACPID Listen Socket.
[   10.629513] cloud-init[983]: Your identification has been saved in /etc/ssh/ssh_host_rsa_key.
[   10.631235] cloud-init[983]: [Your public key has been saved in /etc/ssh/ssh_host_rsa_key.pub.[0;32m  OK  [0m
] Started Message of the Day.
[[   10.631375] [0;32m  OK  [0mcloud-init] [983]: Listening on D-Bus System Message Bus Socket.The key fingerprint is:

[   10.633204]          cloud-initStarting Socket activation for snappy daemon.[983]: 
SHA256:BtcvG0XZKdpglIEd05ZUPvmvZ2hk9YwoFRwsVMQ3NyE root@ubuntu-xenial
[   10.634438] [cloud-init[0;32m  OK  [0m[983]: ] The key's randomart image is:Started Ubuntu Advantage update messaging.

[   10.634550] cloud-init[983]: +---[RSA 2048]----+
[   10.641977] cloud-init[983]: |         =*%*E.o.|
[   10.642635] cloud-init[983]: |        ..*o@.*o.|
[[0;32m  OK  [0m] Started ACPI Events Check.
[   10.642797] [cloud-init[0;32m  OK  [0m[983]: ] |      . ...*.++o.|Reached target Paths.

[[   10.643611] [0;32m  OK  [0mcloud-init] [983]: Listening on UUID daemon activation socket.|       o  .oo  o.|

[   10.645959] [cloud-init[0;32m  OK  [0m[983]: ] |        S o... +o|Started Daily Cleanup of Temporary Directories.

[[   10.646042] [0;32m  OK  [0mcloud-init] [983]: Started Daily apt download activities.|       .  .+. + +|

[   10.647763] [cloud-init[0;32m  OK  [0m[983]: ] |          .. o ..|Started Daily apt upgrade and clean activities.

[   10.647889] [cloud-init[0;32m  OK  [0m[983]: ] |              o.o|Reached target Timers.

[[   10.648840] [0;32m  OK  [0mcloud-init] [983]: Reached target Cloud-config availability.|             ..o |

[   10.650291] [cloud-init[0;32m  OK  [0m[983]: ] +----[SHA256]-----+Listening on LXD - unix socket.

[[   10.650478] [0;32m  OK  [0mcloud-init] [983]: Listening on Socket activation for snappy daemon.Generating public/private dsa key pair.

[   10.661402] cloud-init[983]: Your identification has been saved in /etc/ssh/ssh_host_dsa_key.
[[0;32m  OK  [0m] Reached target Sockets.
[[   10.661562] [0;32m  OK  [0mcloud-init] [983]: Reached target Basic System.Your public key has been saved in /etc/ssh/ssh_host_dsa_key.pub.

[   10.663713] cloud-init         [983]: Starting LSB: MD monitoring daemon...The key fingerprint is:

[   10.665482] cloud-init[983]: SHA256:lZYDlOGt6FthBo8DtvwMyQZH+xRJ7Qu6MvzE2OJiRV4 root@ubuntu-xenial
[   10.666347] cloud-init[983]: The key's randomart image is:
[   10.667041]          cloud-initStarting LSB: Record successful boot for GRUB...[983]: 
+---[DSA 1024]----+
[   10.676413]          cloud-initStarting Pollinate to seed the pseudo random number generator...[983]: 
|    ..o++o       |
[   10.679334]          cloud-initStarting Login Service...[983]: 
|   . ..ooo o     |
[   10.681344] cloud-init[983]: |  . = o.. B      |
[   10.683530]          cloud-initStarting /etc/rc.local Compatibility...[983]: 
|   B E.=.+ .     |
[   10.684544] cloud-init[983]: |  o O.=.S.       |
[   10.693691] cloud-init[983]: |   B.= +..       |
[   10.693797] cloud-init[983]: | .+ +.+ .        |
         Starting Accounts Service...[   10.693832] 
cloud-init[983]: |.o+o.  o         |
[   10.696964] cloud-init[983]: |...+. .          |
[[0;32m  OK  [0m] Started Deferred execution scheduler.
[   10.697172] cloud-init[983]: +----[SHA256]-----+
[[0;32m  OK  [0m] Started FUSE filesystem for LXC.
[   10.706319] cloud-init[983]: Generating public/private ecdsa key pair.
[   10.713233] cloud-init[983]: Your identification has been saved in /etc/ssh/ssh_host_ecdsa_key.
[   10.720407] [cloud-init[0;32m  OK  [0m[983]: ] Your public key has been saved in /etc/ssh/ssh_host_ecdsa_key.pub.Started ACPI event daemon.

[   10.720587] cloud-init[983]: The key fingerprint is:
[   10.733207] cloud-init[983]: SHA256:Sulu7vpBI08QH0SeqwpTOXw6zq+RpOnchyT6WLBDtHI root@ubuntu-xenial
[   10.734824]          Starting System Logging Service...
cloud-init[983]: The key's randomart image is:
[[0;32m  OK  [0m] Started Regular background program processing daemon.
[   10.738006]          cloud-initStarting Virtualbox guest utils...[983]: 
+---[ECDSA 256]---+
[   10.743681] cloud-init[983]: |    .o+          |
[   10.752615] cloud-init         Starting Snap Daemon...
[983]: |     + o         |
[   10.754340] [[0;32m  OK  [0m] Started D-Bus System Message Bus.
cloud-init[983]: | .  . +          |
[   10.768721] cloud-init[983]: |.... . o         |
[   10.770353] cloud-init[983]: |ooE o B S        |
[   10.772680] cloud-init[983]: |oX * O o         |
[   10.776737] cloud-init[983]: |O O o =          |
[   10.786491] cloud-init[983]: |+O.= o..         |
[   10.787594] cloud-init[983]: |.+*++*=          |
[   10.789122] cloud-init[983]: +----[SHA256]-----+
[   10.792880] cloud-init[983]: Generating public/private ed25519 key pair.
[   10.797196] cloud-init[983]: Your identification has been saved in /etc/ssh/ssh_host_ed25519_key.
[   10.799843] cloud-init[983]: Your public key has been saved in /etc/ssh/ssh_host_ed25519_key.pub.
[   10.804325] cloud-init[983]: The key fingerprint is:
[   10.805100] cloud-init[983]: SHA256:tbi07Z/ouCszaitH+VCCayvjZ+3QpAA17HRzJAoLvuM root@ubuntu-xenial
[   10.809758] cloud-init[983]: The key's randomart image is:
[   10.813120] cloud-init[983]: +--[ED25519 256]--+
[   10.815225] cloud-init[983]: |o.o ...          |
         Starting LXD - container startup/shutdown...
[   10.826068] cloud-init[983]: |o+ooo..          |
[[0;32m  OK  [0m] Started System Logging Service.
[   10.829428] [[0;32m  OK  [0m] Started iSCSI initiator daemon (iscsid).
cloud-init[983]: |o+.o o    .      |
[   10.830747] [[0;32m  OK  [0m] Started /etc/rc.local Compatibility.
cloud-init[983]: |. + . .  o .     |
[   10.832616] cloud-init[983]: | + . =  S .      |
[   10.837097] cloud-init[983]: |. = B  . +       |
[   10.838783] cloud-init[983]: | E =.+  o .      |
[   10.844918] [cloud-init[0;32m  OK  [0m[983]: ] |o oo+.=  o . .   |Started Login Service.

[   10.849370] cloud-init[983]: |.+o+++ ++++.o    |
[   10.851069] [[0;32m  OK  [0m] Started Unattended Upgrades Shutdown.
cloud-init[983]: +----[SHA256]-----+
         Starting Authenticate and Authorize Users to Run Privileged Tasks...
         Starting Login to default iSCSI targets...
[[0;32m  OK  [0m] Started LSB: MD monitoring daemon.
[[0;32m  OK  [0m] Started LSB: Record successful boot for GRUB.
[[0;32m  OK  [0m] Started Login to default iSCSI targets.
[[0;32m  OK  [0m] Reached target Remote File Systems (Pre).
[[0;32m  OK  [0m] Reached target Remote File Systems.
         Starting LSB: daemon to balance interrupts for SMP systems...
         Starting Permit User Sessions...
         Starting LSB: automatic crash report generation...
         Starting LSB: Set the CPU Frequency Scaling governor to "ondemand"...
[[0;32m  OK  [0m] Started Permit User Sessions.
[[0;32m  OK  [0m] Started Authenticate and Authorize Users to Run Privileged Tasks.
[[0;32m  OK  [0m] Started Accounts Service.
         Starting Terminate Plymouth Boot Screen...
         Starting Hold until boot process finishes up...
[[0;32m  OK  [0m] Started Virtualbox guest utils.
[[0;32m  OK  [0m] Started Terminate Plymouth Boot Screen.
[[0;32m  OK  [0m] Started Hold until boot process finishes up.
[[0;32m  OK  [0m] Started LSB: daemon to balance interrupts for SMP systems.
[[0;32m  OK  [0m] Started Serial Getty on ttyS0.
         Starting Set console scheme...
[[0;32m  OK  [0m] Started Getty on tty1.
[[0;32m  OK  [0m] Reached target Login Prompts.
[[0;32m  OK  [0m] Started LSB: automatic crash report generation.
[[0;32m  OK  [0m] Started LSB: Set the CPU Frequency Scaling governor to "ondemand".
[[0;32m  OK  [0m] Started Set console scheme.
[[0;32m  OK  [0m] Started LXD - container startup/shutdown.
[[0;32m  OK  [0m] Started Pollinate to seed the pseudo random number generator.
         Starting OpenBSD Secure Shell server...
[[0;32m  OK  [0m] Started OpenBSD Secure Shell server.
[[0;32m  OK  [0m] Started Snap Daemon.
         Starting Wait until snapd is fully seeded...
[[0;32m  OK  [0m] Created slice User Slice of vagrant.
         Starting User Manager for UID 1000...
[[0;32m  OK  [0m] Started Session 1 of user vagrant.
[[0;32m  OK  [0m] Started User Manager for UID 1000.
[[0;32m  OK  [0m] Started Wait until snapd is fully seeded.
         Starting Apply the settings specified in cloud-config...
[[0;32m  OK  [0m] Reached target Multi-User System.
[[0;32m  OK  [0m] Reached target Graphical Interface.
         Starting Update UTMP about System Runlevel Changes...
[[0;32m  OK  [0m] Started Update UTMP about System Runlevel Changes.
[   12.696338] cloud-init[1337]: Generating locales (this might take a while)...
[   13.617956] cloud-init[1337]:   en_US.UTF-8... done
[   13.618913] cloud-init[1337]: Generation complete.
[   14.032288] cloud-init[1337]: Cloud-init v. 21.1-19-gbad84ad4-0ubuntu1~16.04.2 running 'modules:config' at Tue, 16 Dec 2025 15:04:22 +0000. Up 12.58 seconds.
[[0;32m  OK  [0m] Started Apply the settings specified in cloud-config.
         Starting Execute cloud user/final scripts...
ci-info: no authorized SSH keys fingerprints found for user ubuntu.
<14>Dec 16 15:04:24 ec2: 
<14>Dec 16 15:04:24 ec2: #############################################################
<14>Dec 16 15:04:24 ec2: -----BEGIN SSH HOST KEY FINGERPRINTS-----
<14>Dec 16 15:04:24 ec2: 1024 SHA256:lZYDlOGt6FthBo8DtvwMyQZH+xRJ7Qu6MvzE2OJiRV4 root@ubuntu-xenial (DSA)
<14>Dec 16 15:04:24 ec2: 256 SHA256:Sulu7vpBI08QH0SeqwpTOXw6zq+RpOnchyT6WLBDtHI root@ubuntu-xenial (ECDSA)
<14>Dec 16 15:04:24 ec2: 256 SHA256:tbi07Z/ouCszaitH+VCCayvjZ+3QpAA17HRzJAoLvuM root@ubuntu-xenial (ED25519)
<14>Dec 16 15:04:24 ec2: 2048 SHA256:BtcvG0XZKdpglIEd05ZUPvmvZ2hk9YwoFRwsVMQ3NyE root@ubuntu-xenial (RSA)
<14>Dec 16 15:04:24 ec2: -----END SSH HOST KEY FINGERPRINTS-----
<14>Dec 16 15:04:24 ec2: #############################################################
-----BEGIN SSH HOST KEY KEYS-----
ecdsa-sha2-nistp256 AAAAE2VjZHNhLXNoYTItbmlzdHAyNTYAAAAIbmlzdHAyNTYAAABBBHHBZPg/uFDvGX3tiuW1EsmOxMk3DZ/JbGxByVcNeCuuKCbD/wp2d78pk6iBM4fhE7d6d6WEAAqaBMNJdC9kk3U= root@ubuntu-xenial
ssh-ed25519 AAAAC3NzaC1lZDI1NTE5AAAAIG6R1vfqcBjUFULpWuf2AaS5PiNM356pBIKQT4n62EI/ root@ubuntu-xenial
ssh-rsa AAAAB3NzaC1yc2EAAAADAQABAAABAQCcuRmunwIVRFBuZrNErUx2ZiUM+P/+OJRx+j7eWflZxX0uPW6xwdW0g2FXH5he8MPFoEm9VNVKN9ER1abQ9QJRDKYvzZe4k2uPkBq8iObU/6Vq3v4n5yKeLn0u7ruwhEUQ7joKKQee0QiJoZrmJWxonb1yevbmWUlQjmRquP50N+oGI15mPmw8WpqwWsi7dhoJXnoNNbxw2J8Mz0/xefiNeAqr2wOklgikTgW8vPDIS/a5pNPg90pchhg1WDEkENbkLggdGCs3tzqJ1cjDKE9TSleGxo11MihkE9orAP/l94Vs0yoSkjLE4RQrlAqHJpdfIYNc30yOmTETBYKLiabf root@ubuntu-xenial
-----END SSH HOST KEY KEYS-----
[   14.527785] cloud-init[1556]: Cloud-init v. 21.1-19-gbad84ad4-0ubuntu1~16.04.2 running 'modules:final' at Tue, 16 Dec 2025 15:04:23 +0000. Up 14.38 seconds.
[   14.530707] cloud-init[1556]: ci-info: no authorized SSH keys fingerprints found for user ubuntu.
[   14.531822] cloud-init[1556]: Cloud-init v. 21.1-19-gbad84ad4-0ubuntu1~16.04.2 finished at Tue, 16 Dec 2025 15:04:24 +0000. Datasource DataSourceNoCloud [seed=/dev/sdb][dsmode=net].  Up 14.52 seconds
[[0;32m  OK  [0m] Started Execute cloud user/final scripts.
[[0;32m  OK  [0m] Reached target Cloud-init target.

Ubuntu 16.04.7 LTS ubuntu-xenial ttyS0

ubuntu-xenial login: [[0;32m  OK  [0m] Closed Load/Save RF Kill Switch Status /dev/rfkill Watch.
         Stopping Daemon for generating UUIDs...
[[0;32m  OK  [0m] Stopped target Cloud-init target.
[[0;32m  OK  [0m] Stopped target Timers.
[[0;32m  OK  [0m] Stopped target Graphical Interface.
         Stopping Session 3 of user vagrant.
[[0;32m  OK  [0m] Stopped Daily apt upgrade and clean activities.
         Stopping Accounts Service...
[[0;32m  OK  [0m] Stopped Execute cloud user/final scripts.
[[0;32m  OK  [0m] Stopped Apply the settings specified in cloud-config.
[[0;32m  OK  [0m] Stopped target Cloud-config availability.
[[0;32m  OK  [0m] Stopped Daily apt download activities.
[[0;32m  OK  [0m] Stopped Daily Cleanup of Temporary Directories.
         Stopping Availability of block devices...
         Stopping User Manager for UID 1000...
[[0;32m  OK  [0m] Stopped Discard unused blocks once a week.
[[0;32m  OK  [0m] Stopped target Multi-User System.
         Stopping System Logging Service...
         Stopping Deferred execution scheduler...
         Stopping OpenBSD Secure Shell server...
[[0;32m  OK  [0m] Stopped Set the CPU Frequency Scaling governor.
         Stopping FUSE filesystem for LXC...
[[0;32m  OK  [0m] Stopped Wait until snapd is fully seeded.
         Stopping LSB: Record successful boot for GRUB...
         Stopping Regular background program processing daemon...
         Stopping D-Bus System Message Bus...
         Stopping Serial Getty on ttyS0...
[[0;32m  OK  [0m] Stopped Message of the Day.
[[0;32m  OK  [0m] Stopped target System Time Synchronized.
[[0;32m  OK  [0m] Unmounted /var/lib/lxcfs.
[[0;32m  OK  [0m] Stopped Unattended Upgrades Shutdown.
[[0;32m  OK  [0m] Stopped Serial Getty on ttyS0.
[[0;32m  OK  [0m] Stopped Getty on tty1.
[[0;32m  OK  [0m] Stopped User Manager for UID 1000.
[[0;32m  OK  [0m] Stopped Regular background program processing daemon.
[[0;32m  OK  [0m] Stopped Deferred execution scheduler.
[[0;32m  OK  [0m] Stopped Accounts Service.
[[0;32m  OK  [0m] Stopped Daemon for generating UUIDs.
[[0;32m  OK  [0m] Stopped OpenBSD Secure Shell server.
[[0;32m  OK  [0m] Stopped Dispatcher daemon for systemd-networkd.
[[0;32m  OK  [0m] Stopped System Logging Service.
[[0;32m  OK  [0m] Stopped irqbalance daemon.
[[0;32m  OK  [0m] Stopped Availability of block devices.
[[0;32m  OK  [0m] Stopped D-Bus System Message Bus.
[[0;32m  OK  [0m] Stopped FUSE filesystem for LXC.
[[0;32m  OK  [0m] Stopped Session 3 of user vagrant.
[[0;32m  OK  [0m] Stopped Session 2 of user vagrant.
[[0;32m  OK  [0m] Stopped LXD - container startup/shutdown.
[[0;32m  OK  [0m] Removed slice User Slice of vagrant.
[[0;32m  OK  [0m] Removed slice system-getty.slice.
[[0;32m  OK  [0m] Stopped /etc/rc.local Compatibility.
         Stopping Permit User Sessions...
[[0;32m  OK  [0m] Stopped target Login Prompts (Pre).
[[0;32m  OK  [0m] Removed slice system-serial\x2dgetty.slice.
         Stopping Login Service...
[[0;32m  OK  [0m] Stopped LSB: Record successful boot for GRUB.
[[0;32m  OK  [0m] Stopped Virtualbox guest utils.
[[0;32m  OK  [0m] Stopped LSB: automatic crash report generation.
[[0;32m  OK  [0m] Stopped Permit User Sessions.
[[0;32m  OK  [0m] Stopped target Remote File Systems.
         Unmounting /vagrant...
[[0;32m  OK  [0m] Unmounted /vagrant.
[[0;32m  OK  [0m] Stopped target Remote File Systems (Pre).
         Stopping Login to default iSCSI targets...
[[0;32m  OK  [0m] Stopped Login Service.
[[0;32m  OK  [0m] Stopped target Basic System.
[[0;32m  OK  [0m] Stopped target Paths.
[[0;32m  OK  [0m] Stopped resolvconf-pull-resolved.path.
[[0;32m  OK  [0m] Stopped target Slices.
[[0;32m  OK  [0m] Stopped target Sockets.
[[0;32m  OK  [0m] Closed Socket activation for snappy daemon.
[[0;32m  OK  [0m] Closed LXD - unix socket.
[[0;32m  OK  [0m] Closed UUID daemon activation socket.
[[0;32m  OK  [0m] Closed Syslog Socket.
[[0;32m  OK  [0m] Closed ACPID Listen Socket.
[[0;32m  OK  [0m] Stopped target User and Group Name Lookups.
[[0;32m  OK  [0m] Closed D-Bus System Message Bus Socket.
[[0;32m  OK  [0m] Stopped target System Initialization.
[[0;32m  OK  [0m] Stopped target Local Encrypted Volumes.
[[0;32m  OK  [0m] Stopped Forward Password Requests to Wall Directory Watch.
[[0;32m  OK  [0m] Stopped Dispatch Password Requests to Console Directory Watch.
         Stopping Load/Save Random Seed...
[[0;32m  OK  [0m] Stopped Commit a transient machine-id on disk.
         Stopping Update UTMP about System Boot/Shutdown...
[[0;32m  OK  [0m] Removed slice User and Session Slice.
[[0;32m  OK  [0m] Stopped Load/Save Random Seed.
[[0;32m  OK  [0m] Stopped Update UTMP about System Boot/Shutdown.
[[0;32m  OK  [0m] Stopped Login to default iSCSI targets.
         Stopping iSCSI initiator daemon (iscsid)...
[[0;32m  OK  [0m] Stopped Create Volatile Files and Directories.
[[0;32m  OK  [0m] Stopped iSCSI initiator daemon (iscsid).
[[0;32m  OK  [0m] Stopped target Network is Online.
[[0;32m  OK  [0m] Stopped target Network.
[[0;32m  OK  [0m] Stopped Initial cloud-init job (metadata service crawler).
         Stopping Raise network interfaces...
[[0;32m  OK  [0m] Stopped Raise network interfaces.
[[0;32m  OK  [0m] Stopped target Local File Systems.
         Unmounting /run/user/1000...
[[0;32m  OK  [0m] Stopped target Mounted snaps.
[[0;32m  OK  [0m] Stopped target Mounting snaps.
[[0;32m  OK  [0m] Stopped target Network (Pre).
[[0;32m  OK  [0m] Stopped Initial cloud-init job (pre-networking).
[[0;32m  OK  [0m] Stopped Apply Kernel Variables.
[[0;32m  OK  [0m] Stopped Load Kernel Modules.
[[0;32m  OK  [0m] Unmounted /run/user/1000.
[[0;32m  OK  [0m] Reached target Unmount All Filesystems.
[[0;32m  OK  [0m] Stopped target Swap.
[[0;32m  OK  [0m] Stopped target Local File Systems (Pre).
         Stopping Monitoring of LVM2 mirrors…ng dmeventd or progress polling...
[[0;32m  OK  [0m] Stopped Create Static Device Nodes in /dev.
[[0;32m  OK  [0m] Stopped Remount Root and Kernel File Systems.
[[0;32m  OK  [0m] Reached target Shutdown.
[[0;32m  OK  [0m] Reached target Final Step.
         Starting Reboot...
[[0;32m  OK  [0m] Stopped Monitoring of LVM2 mirrors,…sing dmeventd or progress polling.
         Stopping LVM2 metadata daemon...
[[0;32m  OK  [0m] Stopped LVM2 metadata daemon.
[  554.509733] reboot: Restarting system
[    0.000000] Linux version 4.15.0-213-generic (buildd@lcy02-amd64-079) (gcc version 7.5.0 (Ubuntu 7.5.0-3ubuntu1~18.04)) #224-Ubuntu SMP Mon Jun 19 13:30:12 UTC 2023 (Ubuntu 4.15.0-213.224-generic 4.15.18)
[    0.000000] Command line: BOOT_IMAGE=/boot/vmlinuz-4.15.0-213-generic root=UUID=d733b143-dffd-45ac-b6a6-51fd97f3afd8 ro console=tty1 console=ttyS0
[    0.000000] KERNEL supported cpus:
[    0.000000]   Intel GenuineIntel
[    0.000000]   AMD AuthenticAMD
[    0.000000]   Centaur CentaurHauls
[    0.000000] x86/fpu: Supporting XSAVE feature 0x001: 'x87 floating point registers'
[    0.000000] x86/fpu: Supporting XSAVE feature 0x002: 'SSE registers'
[    0.000000] x86/fpu: Supporting XSAVE feature 0x004: 'AVX registers'
[    0.000000] x86/fpu: xstate_offset[2]:  576, xstate_sizes[2]:  256
[    0.000000] x86/fpu: Enabled xstate features 0x7, context size is 832 bytes, using 'standard' format.
[    0.000000] e820: BIOS-provided physical RAM map:
[    0.000000] BIOS-e820: [mem 0x0000000000000000-0x000000000009fbff] usable
[    0.000000] BIOS-e820: [mem 0x000000000009fc00-0x000000000009ffff] reserved
[    0.000000] BIOS-e820: [mem 0x00000000000f0000-0x00000000000fffff] reserved
[    0.000000] BIOS-e820: [mem 0x0000000000100000-0x000000007ffeffff] usable
[    0.000000] BIOS-e820: [mem 0x000000007fff0000-0x000000007fffffff] ACPI data
[    0.000000] BIOS-e820: [mem 0x00000000fec00000-0x00000000fec00fff] reserved
[    0.000000] BIOS-e820: [mem 0x00000000fee00000-0x00000000fee00fff] reserved
[    0.000000] BIOS-e820: [mem 0x00000000fffc0000-0x00000000ffffffff] reserved
[    0.000000] NX (Execute Disable) protection: active
[    0.000000] SMBIOS 2.5 present.
[    0.000000] DMI: innotek GmbH VirtualBox/VirtualBox, BIOS VirtualBox 12/01/2006
[    0.000000] Hypervisor detected: KVM
[    0.000000] e820: last_pfn = 0x7fff0 max_arch_pfn = 0x400000000
[    0.000000] x86/PAT: Configuration [0-7]: WB  WC  UC- UC  WB  WP  UC- WT  
[    0.000000] found SMP MP-table at [mem 0x0009fbf0-0x0009fbff]
[    0.000000] Scanning 1 areas for low memory corruption
[    0.000000] RAMDISK: [mem 0x30797000-0x343c2fff]
[    0.000000] ACPI: Early table checksum verification disabled
[    0.000000] ACPI: RSDP 0x00000000000E0000 000024 (v02 VBOX  )
[    0.000000] ACPI: XSDT 0x000000007FFF0030 00003C (v01 VBOX   VBOXXSDT 00000001 ASL  00000061)
[    0.000000] ACPI: FACP 0x000000007FFF00F0 0000F4 (v04 VBOX   VBOXFACP 00000001 ASL  00000061)
[    0.000000] ACPI: DSDT 0x000000007FFF0310 002353 (v02 VBOX   VBOXBIOS 00000002 VBOX 00029BF3)
[    0.000000] ACPI: FACS 0x000000007FFF0200 000040
[    0.000000] ACPI: FACS 0x000000007FFF0200 000040
[    0.000000] ACPI: APIC 0x000000007FFF0240 00006C (v02 VBOX   VBOXAPIC 00000001 ASL  00000061)
[    0.000000] ACPI: SSDT 0x000000007FFF02B0 00005F (v01 VBOX   VBOXCPUT 00000002 VBOX 00029BF3)
[    0.000000] ACPI: Reserving FACP table memory at [mem 0x7fff00f0-0x7fff01e3]
[    0.000000] ACPI: Reserving DSDT table memory at [mem 0x7fff0310-0x7fff2662]
[    0.000000] ACPI: Reserving FACS table memory at [mem 0x7fff0200-0x7fff023f]
[    0.000000] ACPI: Reserving FACS table memory at [mem 0x7fff0200-0x7fff023f]
[    0.000000] ACPI: Reserving APIC table memory at [mem 0x7fff0240-0x7fff02ab]
[    0.000000] ACPI: Reserving SSDT table memory at [mem 0x7fff02b0-0x7fff030e]
[    0.000000] No NUMA configuration found
[    0.000000] Faking a node at [mem 0x0000000000000000-0x000000007ffeffff]
[    0.000000] NODE_DATA(0) allocated [mem 0x7ffc5000-0x7ffeffff]
[    0.000000] kvm-clock: cpu 0, msr 0:7ff44001, primary cpu clock
[    0.000000] kvm-clock: Using msrs 4b564d01 and 4b564d00
[    0.000000] kvm-clock: using sched offset of 10114986058 cycles
[    0.000000] clocksource: kvm-clock: mask: 0xffffffffffffffff max_cycles: 0x1cd42e4dffb, max_idle_ns: 881590591483 ns
[    0.000000] Zone ranges:
[    0.000000]   DMA      [mem 0x0000000000001000-0x0000000000ffffff]
[    0.000000]   DMA32    [mem 0x0000000001000000-0x000000007ffeffff]
[    0.000000]   Normal   empty
[    0.000000]   Device   empty
[    0.000000] Movable zone start for each node
[    0.000000] Early memory node ranges
[    0.000000]   node   0: [mem 0x0000000000001000-0x000000000009efff]
[    0.000000]   node   0: [mem 0x0000000000100000-0x000000007ffeffff]
[    0.000000] Reserved but unavailable: 104 pages
[    0.000000] Initmem setup node 0 [mem 0x0000000000001000-0x000000007ffeffff]
[    0.000000] ACPI: PM-Timer IO Port: 0x4008
[    0.000000] IOAPIC[0]: apic_id 4, version 32, address 0xfec00000, GSI 0-23
[    0.000000] ACPI: INT_SRC_OVR (bus 0 bus_irq 0 global_irq 2 dfl dfl)
[    0.000000] ACPI: INT_SRC_OVR (bus 0 bus_irq 9 global_irq 9 low level)
[    0.000000] Using ACPI (MADT) for SMP configuration information
[    0.000000] smpboot: Allowing 4 CPUs, 0 hotplug CPUs
[    0.000000] PM: Registered nosave memory: [mem 0x00000000-0x00000fff]
[    0.000000] PM: Registered nosave memory: [mem 0x0009f000-0x0009ffff]
[    0.000000] PM: Registered nosave memory: [mem 0x000a0000-0x000effff]
[    0.000000] PM: Registered nosave memory: [mem 0x000f0000-0x000fffff]
[    0.000000] e820: [mem 0x80000000-0xfebfffff] available for PCI devices
[    0.000000] Booting paravirtualized kernel on KVM
[    0.000000] clocksource: refined-jiffies: mask: 0xffffffff max_cycles: 0xffffffff, max_idle_ns: 7645519600211568 ns
[    0.000000] setup_percpu: NR_CPUS:8192 nr_cpumask_bits:4 nr_cpu_ids:4 nr_node_ids:1
[    0.000000] percpu: Embedded 50 pages/cpu s167936 r8192 d28672 u524288
[    0.000000] PV qspinlock hash table entries: 256 (order: 0, 4096 bytes)
[    0.000000] Built 1 zonelists, mobility grouping on.  Total pages: 515961
[    0.000000] Policy zone: DMA32
[    0.000000] Kernel command line: BOOT_IMAGE=/boot/vmlinuz-4.15.0-213-generic root=UUID=d733b143-dffd-45ac-b6a6-51fd97f3afd8 ro console=tty1 console=ttyS0
[    0.000000] Memory: 1972348K/2096696K available (12300K kernel code, 2477K rwdata, 4324K rodata, 2480K init, 2720K bss, 124348K reserved, 0K cma-reserved)
[    0.000000] SLUB: HWalign=64, Order=0-3, MinObjects=0, CPUs=4, Nodes=1
[    0.000000] ftrace: allocating 39508 entries in 155 pages
[    0.004000] Hierarchical RCU implementation.
[    0.004000] 	RCU restricting CPUs from NR_CPUS=8192 to nr_cpu_ids=4.
[    0.004000] 	Tasks RCU enabled.
[    0.004000] RCU: Adjusting geometry for rcu_fanout_leaf=16, nr_cpu_ids=4
[    0.004000] NR_IRQS: 524544, nr_irqs: 456, preallocated irqs: 16
[    0.004000] random: crng init done
[    0.004000] Console: colour VGA+ 80x25
[    0.004000] console [tty1] enabled
[    0.004000] console [ttyS0] enabled
[    0.004000] ACPI: Core revision 20170831
[    0.004000] ACPI: 2 ACPI AML tables successfully acquired and loaded
[    0.004000] APIC: Switch to symmetric I/O mode setup
[    0.004000] x2apic enabled
[    0.004000] Switched APIC routing to physical x2apic.
[    0.004000] ..TIMER: vector=0x30 apic1=0 pin1=2 apic2=-1 pin2=-1
[    0.004006] tsc: Detected 2995.202 MHz processor
[    0.004872] Calibrating delay loop (skipped) preset value.. 5990.40 BogoMIPS (lpj=11980808)
[    0.005462] pid_max: default: 32768 minimum: 301
[    0.008043] Security Framework initialized
[    0.009303] Yama: becoming mindful.
[    0.010202] AppArmor: AppArmor initialized
[    0.012191] Dentry cache hash table entries: 262144 (order: 9, 2097152 bytes)
[    0.028067] Inode-cache hash table entries: 131072 (order: 8, 1048576 bytes)
[    0.032044] Mount-cache hash table entries: 4096 (order: 3, 32768 bytes)
[    0.036021] Mountpoint-cache hash table entries: 4096 (order: 3, 32768 bytes)
[    0.044191] Last level iTLB entries: 4KB 0, 2MB 0, 4MB 0
[    0.048014] Last level dTLB entries: 4KB 0, 2MB 0, 4MB 0, 1GB 0
[    0.052013] Spectre V1 : Mitigation: usercopy/swapgs barriers and __user pointer sanitization
[    0.056009] Spectre V2 : Mitigation: Retpolines
[    0.060009] Spectre V2 : Spectre v2 / SpectreRSB mitigation: Filling RSB on context switch
[    0.064009] Spectre V2 : Spectre v2 / SpectreRSB : Filling RSB on VMEXIT
[    0.068010] Speculative Store Bypass: Vulnerable
[    0.072238] Freeing SMP alternatives memory: 36K
[    0.180382] APIC calibration not consistent with PM-Timer: 89ms instead of 100ms
[    0.181954] APIC delta adjusted to PM-Timer: 6327877 (5644485)
[    0.184076] smpboot: CPU0: 11th Gen Intel(R) Core(TM) i3-1115G4 @ 3.00GHz (family: 0x6, model: 0x8c, stepping: 0x1)
[    0.188117] Performance Events: unsupported p6 CPU model 140 no PMU driver, software events only.
[    0.192094] Hierarchical SRCU implementation.
[    0.200472] NMI watchdog: Perf event create on CPU 0 failed with -2
[    0.204019] NMI watchdog: Perf NMI watchdog permanently disabled
[    0.212120] smp: Bringing up secondary CPUs ...
[    0.216140] x86: Booting SMP configuration:
[    0.220010] .... node  #0, CPUs:      #1
[    0.004000] kvm-clock: cpu 1, msr 0:7ff44041, secondary cpu clock
[    0.272161]  #2
[    0.004000] kvm-clock: cpu 2, msr 0:7ff44081, secondary cpu clock
[    0.300170]  #3
[    0.004000] kvm-clock: cpu 3, msr 0:7ff440c1, secondary cpu clock
[    0.356050] smp: Brought up 1 node, 4 CPUs
[    0.357269] smpboot: Max logical packages: 1
[    0.360017] smpboot: Total of 4 processors activated (23961.61 BogoMIPS)
[    0.384013] devtmpfs: initialized
[    0.388098] x86/mm: Memory block size: 128MB
[    0.389146] evm: security.selinux
[    0.392016] evm: security.SMACK64
[    0.395454] evm: security.SMACK64EXEC
[    0.396008] evm: security.SMACK64TRANSMUTE
[    0.397100] evm: security.SMACK64MMAP
[    0.400009] evm: security.apparmor
[    0.404008] evm: security.ima
[    0.408008] evm: security.capability
[    0.416051] clocksource: jiffies: mask: 0xffffffff max_cycles: 0xffffffff, max_idle_ns: 7645041785100000 ns
[    0.420029] futex hash table entries: 1024 (order: 4, 65536 bytes)
[    0.424095] pinctrl core: initialized pinctrl subsystem
[    0.428117] RTC time: 15:13:35, date: 12/16/25
[    0.456026] NET: Registered protocol family 16
[    0.460113] audit: initializing netlink subsys (disabled)
[    0.463073] audit: type=2000 audit(1765898026.215:1): state=initialized audit_enabled=0 res=1
[    0.476013] cpuidle: using governor ladder
[    0.480026] cpuidle: using governor menu
[    0.484074] ACPI: bus type PCI registered
[    0.488009] acpiphp: ACPI Hot Plug PCI Controller Driver version: 0.5
[    0.489262] PCI: Using configuration type 1 for base access
[    0.516061] HugeTLB registered 2.00 MiB page size, pre-allocated 0 pages
[    0.517531] ACPI: Added _OSI(Module Device)
[    0.520012] ACPI: Added _OSI(Processor Device)
[    0.524010] ACPI: Added _OSI(3.0 _SCP Extensions)
[    0.528006] ACPI: Added _OSI(Processor Aggregator Device)
[    0.532012] ACPI: Added _OSI(Linux-Dell-Video)
[    0.536014] ACPI: Added _OSI(Linux-Lenovo-NV-HDMI-Audio)
[    0.540014] ACPI: Added _OSI(Linux-HPI-Hybrid-Graphics)
[    0.544563] ACPI: Executed 1 blocks of module-level executable AML code
[    0.573267] ACPI: Interpreter enabled
[    0.576036] ACPI: (supports S0 S5)
[    0.580006] ACPI: Using IOAPIC for interrupt routing
[    0.584350] PCI: Using host bridge windows from ACPI; if necessary, use "pci=nocrs" and report a bug
[    0.588268] ACPI: Enabled 2 GPEs in block 00 to 07
[    0.641492] ACPI: PCI Root Bridge [PCI0] (domain 0000 [bus 00-ff])
[    0.644024] acpi PNP0A03:00: _OSC: OS supports [ASPM ClockPM Segments MSI]
[    0.648940] acpi PNP0A03:00: _OSC: not requesting OS control; OS requires [ExtendedConfig ASPM ClockPM MSI]
[    0.652046] acpi PNP0A03:00: fail to add MMCONFIG information, can't access extended PCI configuration space under this bridge.
[    0.656511] PCI host bridge to bus 0000:00
[    0.660013] pci_bus 0000:00: root bus resource [io  0x0000-0x0cf7 window]
[    0.664014] pci_bus 0000:00: root bus resource [io  0x0d00-0xffff window]
[    0.668015] pci_bus 0000:00: root bus resource [mem 0x000a0000-0x000bffff window]
[    0.672009] pci_bus 0000:00: root bus resource [mem 0x80000000-0xfdffffff window]
[    0.676016] pci_bus 0000:00: root bus resource [bus 00-ff]
[    0.692019] pci 0000:00:01.1: legacy IDE quirk: reg 0x10: [io  0x01f0-0x01f7]
[    0.693269] pci 0000:00:01.1: legacy IDE quirk: reg 0x14: [io  0x03f6]
[    0.696013] pci 0000:00:01.1: legacy IDE quirk: reg 0x18: [io  0x0170-0x0177]
[    0.700011] pci 0000:00:01.1: legacy IDE quirk: reg 0x1c: [io  0x0376]
[    0.940423] pci 0000:00:07.0: quirk: [io  0x4000-0x403f] claimed by PIIX4 ACPI
[    0.956031] pci 0000:00:07.0: quirk: [io  0x4100-0x410f] claimed by PIIX4 SMB
[    1.108000] ACPI: PCI Interrupt Link [LNKA] (IRQs 5 9 10 *11)
[    1.124397] ACPI: PCI Interrupt Link [LNKB] (IRQs 5 9 *10 11)
[    1.140193] ACPI: PCI Interrupt Link [LNKC] (IRQs 5 *9 10 11)
[    1.144169] ACPI: PCI Interrupt Link [LNKD] (IRQs 5 9 10 *11)
[    1.160542] SCSI subsystem initialized
[    1.164281] pci 0000:00:02.0: vgaarb: setting as boot VGA device
[    1.168000] pci 0000:00:02.0: vgaarb: VGA device added: decodes=io+mem,owns=io+mem,locks=none
[    1.184014] pci 0000:00:02.0: vgaarb: bridge control possible
[    1.192010] vgaarb: loaded
[    1.193101] ACPI: bus type USB registered
[    1.208078] usbcore: registered new interface driver usbfs
[    1.209681] usbcore: registered new interface driver hub
[    1.216039] usbcore: registered new device driver usb
[    1.228105] EDAC MC: Ver: 3.0.0
[    1.232060] PCI: Using ACPI for IRQ routing
[    1.240244] NetLabel: Initializing
[    1.244009] NetLabel:  domain hash size = 128
[    1.244009] NetLabel:  protocols = UNLABELED CIPSOv4 CALIPSO
[    1.252063] NetLabel:  unlabeled traffic allowed by default
[    1.276349] clocksource: Switched to clocksource kvm-clock
[    1.395489] VFS: Disk quotas dquot_6.6.0
[    1.401240] VFS: Dquot-cache hash table entries: 512 (order 0, 4096 bytes)
[    1.419456] AppArmor: AppArmor Filesystem Enabled
[    1.424104] pnp: PnP ACPI init
[    1.428015] pnp: PnP ACPI: found 3 devices
[    1.445349] clocksource: acpi_pm: mask: 0xffffff max_cycles: 0xffffff, max_idle_ns: 2085701024 ns
[    1.448144] NET: Registered protocol family 2
[    1.463630] IP idents hash table entries: 32768 (order: 6, 262144 bytes)
[    1.469344] TCP established hash table entries: 16384 (order: 5, 131072 bytes)
[    1.474393] TCP bind hash table entries: 16384 (order: 6, 262144 bytes)
[    1.476886] TCP: Hash tables configured (established 16384 bind 16384)
[    1.525662] UDP hash table entries: 1024 (order: 3, 32768 bytes)
[    1.546080] UDP-Lite hash table entries: 1024 (order: 3, 32768 bytes)
[    1.547603] NET: Registered protocol family 1
[    1.549098] pci 0000:00:00.0: Limiting direct PCI/PCI transfers
[    1.551071] pci 0000:00:01.0: Activating ISA DMA hang workarounds
[    1.557985] pci 0000:00:02.0: Video device with shadowed ROM at [mem 0x000c0000-0x000dffff]
[    1.567883] Unpacking initramfs...
[    4.894271] Freeing initrd memory: 61616K
[    4.895928] clocksource: tsc: mask: 0xffffffffffffffff max_cycles: 0x2b2c909a7c7, max_idle_ns: 440795208498 ns
[    4.897748] platform rtc_cmos: registered platform RTC device (no PNP device found)
[    4.900199] Scanning for low memory corruption every 60 seconds
[    4.904389] Initialise system trusted keyrings
[    4.907941] Key type blacklist registered
[    4.911456] workingset: timestamp_bits=36 max_order=19 bucket_order=0
[    4.914697] zbud: loaded
[    4.918025] squashfs: version 4.0 (2009/01/31) Phillip Lougher
[    4.928391] fuse init (API version 7.26)
[    4.954368] Key type asymmetric registered
[    4.957295] Asymmetric key parser 'x509' registered
[    4.961564] Block layer SCSI generic (bsg) driver version 0.4 loaded (major 246)
[    4.973551] io scheduler noop registered
[    4.996690] io scheduler deadline registered
[    4.998386] io scheduler cfq registered (default)
[    5.012674] ACPI: AC Adapter [AC] (on-line)
[    5.014780] input: Power Button as /devices/LNXSYSTM:00/LNXPWRBN:00/input/input0
[    5.042724] ACPI: Power Button [PWRF]
[    5.045258] input: Sleep Button as /devices/LNXSYSTM:00/LNXSLPBN:00/input/input1
[    5.048067] ACPI: Sleep Button [SLPF]
[    5.058563] Serial: 8250/16550 driver, 32 ports, IRQ sharing enabled
[    5.062617] ACPI: Battery Slot [BAT0] (battery present)
[    5.136837] 00:02: ttyS0 at I/O 0x3f8 (irq = 4, base_baud = 115200) is a 16550A
[    5.184556] Linux agpgart interface v0.103
[    5.213751] loop: module loaded
[    5.216248] scsi host0: ata_piix
[    5.217316] scsi host1: ata_piix
[    5.218767] ata1: PATA max UDMA/33 cmd 0x1f0 ctl 0x3f6 bmdma 0xd000 irq 14
[    5.220319] ata2: PATA max UDMA/33 cmd 0x170 ctl 0x376 bmdma 0xd008 irq 15
[    5.224431] tun: Universal TUN/TAP device driver, 1.6
[    5.225541] PPP generic driver version 2.4.2
[    5.226505] ehci_hcd: USB 2.0 'Enhanced' Host Controller (EHCI) Driver
[    5.227774] ehci-pci: EHCI PCI platform driver
[    5.228806] ehci-platform: EHCI generic platform driver
[    5.229791] ohci_hcd: USB 1.1 'Open' Host Controller (OHCI) Driver
[    5.230943] ohci-pci: OHCI PCI platform driver
[    5.231962] ohci-platform: OHCI generic platform driver
[    5.233060] uhci_hcd: USB Universal Host Controller Interface driver
[    5.234331] i8042: PNP: PS/2 Controller [PNP0303:PS2K,PNP0f03:PS2M] at 0x60,0x64 irq 1,12
[    5.237052] serio: i8042 KBD port at 0x60,0x64 irq 1
[    5.238203] serio: i8042 AUX port at 0x60,0x64 irq 12
[    5.240488] mousedev: PS/2 mouse device common for all mice
[    5.244329] input: AT Translated Set 2 keyboard as /devices/platform/i8042/serio0/input/input2
[    5.246542] rtc_cmos rtc_cmos: rtc core: registered rtc_cmos as rtc0
[    5.248202] rtc_cmos rtc_cmos: alarms up to one day, 114 bytes nvram
[    5.250065] i2c /dev entries driver
[    5.251373] device-mapper: uevent: version 1.0.3
[    5.252868] device-mapper: ioctl: 4.37.0-ioctl (2017-09-20) initialised: dm-devel@redhat.com
[    5.255256] ledtrig-cpu: registered to indicate activity on CPUs
[    5.258053] NET: Registered protocol family 10
[    5.264452] Segment Routing with IPv6
[    5.265346] NET: Registered protocol family 17
[    5.266946] Key type dns_resolver registered
[    5.268357] mce: Using 0 MCE banks
[    5.268980] RAS: Correctable Errors collector initialized.
[    5.269992] sched_clock: Marking stable (5268320746, 0)->(6720409221, -1452088475)
[    5.274687] registered taskstats version 1
[    5.276598] Loading compiled-in X.509 certificates
[    5.281030] Loaded X.509 cert 'Build time autogenerated kernel key: cdc7189136aaa35407544516090e2034d9c28e14'
[    5.291528] Loaded X.509 cert 'Canonical Ltd. Live Patch Signing: 14df34d1a87cf37625abec039ef2bf521249b969'
[    5.297450] Loaded X.509 cert 'Canonical Ltd. Kernel Module Signing: 88f752e560a1e0737e31163a466ad7b70a850c19'
[    5.302564] blacklist: Loading compiled-in revocation X.509 certificates
[    5.306913] Loaded X.509 cert 'Canonical Ltd. Secure Boot Signing: 61482aa2830d0ab2ad5af10b7250da9033ddcef0'
[    5.310381] Loaded X.509 cert 'Canonical Ltd. Secure Boot Signing (2017): 242ade75ac4a15e50d50c84b0d45ff3eae707a03'
[    5.312794] Loaded X.509 cert 'Canonical Ltd. Secure Boot Signing (ESM 2018): 365188c1d374d6b07c3c8f240f8ef722433d6a8b'
[    5.315458] Loaded X.509 cert 'Canonical Ltd. Secure Boot Signing (2019): c0746fd6c5da3ae827864651ad66ae47fe24b3e8'
[    5.317853] Loaded X.509 cert 'Canonical Ltd. Secure Boot Signing (2021 v1): a8d54bbb3825cfb94fa13c9f8a594a195c107b8d'
[    5.319854] Loaded X.509 cert 'Canonical Ltd. Secure Boot Signing (2021 v2): 4cf046892d6fd3c9a5b03f98d845f90851dc6a8c'
[    5.323409] Loaded X.509 cert 'Canonical Ltd. Secure Boot Signing (2021 v3): 100437bb6de6e469b581e61cd66bce3ef4ed53af'
[    5.326508] Loaded X.509 cert 'Canonical Ltd. Secure Boot Signing (Ubuntu Core 2019): c1d57b8f6b743f23ee41f4f7ee292f06eecadfb9'
[    5.330064] zswap: loaded using pool lzo/zbud
[    5.336916] Key type big_key registered
[    5.337985] Key type trusted registered
[    5.342398] Key type encrypted registered
[    5.343301] AppArmor: AppArmor sha1 policy hashing enabled
[    5.345164] ima: No TPM chip found, activating TPM-bypass! (rc=-19)
[    5.346456] ima: Allocated hash algorithm: sha1
[    5.347395] evm: HMAC attrs: 0x1
[    5.348612]   Magic number: 5:0:235
[    5.349513] rtc_cmos rtc_cmos: setting system clock to 2025-12-16 15:13:40 UTC (1765898020)
[    5.351746] BIOS EDD facility v0.16 2004-Jun-25, 0 devices found
[    5.352962] EDD information not available.
[    5.420569] Freeing unused kernel image memory: 2480K
[    5.432513] Write protecting the kernel read-only data: 20480k
[    5.435001] Freeing unused kernel image memory: 2008K
[    5.438415] Freeing unused kernel image memory: 1820K
[    5.448793] x86/mm: Checked W+X mappings: passed, no W+X pages found.
Loading, please wait...
starting version 237
[    5.519917] piix4_smbus 0000:00:07.0: SMBus Host Controller at 0x4100, revision 0
[    5.529600] e1000: Intel(R) PRO/1000 Network Driver - version 7.3.21-k8-NAPI
[    5.529679] ACPI: Video Device [GFX0] (multi-head: yes  rom: no  post: no)
[    5.534878] e1000: Copyright (c) 1999-2006 Intel Corporation.
[    5.541422] input: Video Bus as /devices/LNXSYSTM:00/LNXSYBUS:00/PNP0A03:00/LNXVIDEO:00/input/input4
[    5.639443] Fusion MPT base driver 3.04.20
[    5.648891] Copyright (c) 1999-2008 LSI Corporation
[    5.702733] AVX2 version of gcm_enc/dec engaged.
[    5.713240] AES CTR mode by8 optimization enabled
[    6.113927] Fusion MPT SPI Host driver 3.04.20
[    6.164788] input: ImExPS/2 Generic Explorer Mouse as /devices/platform/i8042/serio1/input/input5
[    6.929240] e1000 0000:00:03.0 eth0: (PCI:33MHz:32-bit) 02:be:82:6b:cc:1d
[    6.931234] e1000 0000:00:03.0 eth0: Intel(R) PRO/1000 Network Connection
[    9.242325] e1000 0000:00:08.0 eth1: (PCI:33MHz:32-bit) 08:00:27:c6:d1:07
[    9.243949] e1000 0000:00:08.0 eth1: Intel(R) PRO/1000 Network Connection
[    9.246665] mptbase: ioc0: Initiating bringup
[    9.247816] e1000 0000:00:08.0 enp0s8: renamed from eth1
[    9.352557] ioc0: LSI53C1030 A0: Capabilities={Initiator}
[    9.352730] e1000 0000:00:03.0 enp0s3: renamed from eth0
[   11.243505] scsi host2: ioc0: LSI53C1030 A0, FwRev=00000000h, Ports=1, MaxQ=256, IRQ=20
[   12.300734] scsi 2:0:0:0: Direct-Access     VBOX     HARDDISK         1.0  PQ: 0 ANSI: 5
[   12.548740] scsi target2:0:0: Beginning Domain Validation
[   12.551355] scsi target2:0:0: Domain Validation skipping write tests
[   12.552348] scsi target2:0:0: Ending Domain Validation
[   12.553180] scsi target2:0:0: asynchronous
[   12.554637] scsi 2:0:1:0: Direct-Access     VBOX     HARDDISK         1.0  PQ: 0 ANSI: 5
[   12.888987] scsi target2:0:1: Beginning Domain Validation
[   12.895875] scsi target2:0:1: Domain Validation skipping write tests
[   12.898590] scsi target2:0:1: Ending Domain Validation
[   12.899489] scsi target2:0:1: asynchronous
[   12.903700] sd 2:0:0:0: Attached scsi generic sg0 type 0
[   12.903898] sd 2:0:0:0: [sda] 83886080 512-byte logical blocks: (42.9 GB/40.0 GiB)
[   12.904683] sd 2:0:1:0: Attached scsi generic sg1 type 0
[   12.905396] sd 2:0:0:0: [sda] Write Protect is off
[   12.906108] sd 2:0:1:0: [sdb] 20480 512-byte logical blocks: (10.5 MB/10.0 MiB)
[   12.907725] sd 2:0:1:0: [sdb] Write Protect is off
[   12.907788] sd 2:0:0:0: [sda] Write cache: enabled, read cache: enabled, supports DPO and FUA
[   12.910199] sd 2:0:1:0: [sdb] Write cache: enabled, read cache: enabled, supports DPO and FUA
[   12.915033]  sda: sda1
[   12.915995] sd 2:0:1:0: [sdb] Attached SCSI disk
[   12.915997] sd 2:0:0:0: [sda] Attached SCSI disk
Begin: Loading essential drivers ... [   14.316217] raid6: sse2x1   gen() 10328 MB/s
[   14.364240] raid6: sse2x1   xor()  6459 MB/s
[   14.412175] raid6: sse2x2   gen() 14232 MB/s
[   14.460198] raid6: sse2x2   xor() 11227 MB/s
[   14.508120] raid6: sse2x4   gen() 17535 MB/s
[   14.556218] raid6: sse2x4   xor()  8427 MB/s
[   14.604163] raid6: avx2x1   gen() 26377 MB/s
[   14.652168] raid6: avx2x1   xor() 10917 MB/s
[   14.700154] raid6: avx2x2   gen() 32424 MB/s
[   14.748189] raid6: avx2x2   xor() 23568 MB/s
[   14.796159] raid6: avx2x4   gen() 36788 MB/s
[   14.844112] raid6: avx2x4   xor() 20177 MB/s
[   14.844815] raid6: using algorithm avx2x4 gen() 36788 MB/s
[   14.845561] raid6: .... xor() 20177 MB/s, rmw enabled
[   14.846348] raid6: using avx2x2 recovery algorithm
[   14.848430] xor: automatically using best checksumming function   avx       
[   14.849922] async_tx: api initialized (async)
done.
Begin: Running /scripts/init-premount ... done.
Begin: Mounting root file system ... Begin: Running /scripts/local-top ... done.
Begin: Running /scripts/local-premount ... [   14.883842] Btrfs loaded, crc32c=crc32c-intel
Scanning for Btrfs filesystems
done.
Begin: Will now check root file system ... fsck from util-linux 2.31.1
[/sbin/fsck.ext4 (1) -- /dev/sda1] fsck.ext4 -a -C0 /dev/sda1 
cloudimg-rootfs: clean, 78721/5120000 files, 880749/10485499 blocks
done.
[   14.919463] EXT4-fs (sda1): mounted filesystem with ordered data mode. Opts: (null)
done.
Begin: Running /scripts/local-bottom ... done.
Begin: Running /scripts/init-bottom ... done.
[   15.095953] ip_tables: (C) 2000-2006 Netfilter Core Team
[   15.103739] systemd[1]: systemd 237 running in system mode. (+PAM +AUDIT +SELINUX +IMA +APPARMOR +SMACK +SYSVINIT +UTMP +LIBCRYPTSETUP +GCRYPT +GNUTLS +ACL +XZ +LZ4 +SECCOMP +BLKID +ELFUTILS +KMOD -IDN2 +IDN -PCRE2 default-hierarchy=hybrid)
[   15.106482] systemd[1]: Detected virtualization oracle.
[   15.107159] systemd[1]: Detected architecture x86-64.

Welcome to [1mUbuntu 18.04.6 LTS[0m!

[   15.119153] systemd[1]: Set hostname to <ubuntu-xenial>.
[   15.339642] systemd[1]: Reached target Mounting snaps.
[[0;32m  OK  [0m] Reached target Mounting snaps.
[   15.340913] systemd[1]: Set up automount Arbitrary Executable File Formats File System Automount Point.
[[0;32m  OK  [0m] Set up automount Arbitrary Executab…rmats File System Automount Point.
[   15.342645] systemd[1]: Reached target User and Group Name Lookups.
[[0;32m  OK  [0m] Reached target User and Group Name Lookups.
[   15.343804] systemd[1]: Reached target System Time Synchronized.
[[0;32m  OK  [0m] Reached target System Time Synchronized.
[   15.344950] systemd[1]: Reached target Swap.
[[0;32m  OK  [0m] Reached target Swap.
[   15.345837] systemd[1]: Started Forward Password Requests to Wall Directory Watch.
[[0;32m  OK  [0m] Started Forward Password Requests to Wall Directory Watch.
[[0;32m  OK  [0m] Created slice System Slice.
[[0;32m  OK  [0m] Listening on Journal Audit Socket.
[[0;32m  OK  [0m] Listening on /dev/initctl Compatibility Named Pipe.
[[0;32m  OK  [0m] Listening on LVM2 poll daemon socket.
[[0;32m  OK  [0m] Listening on Syslog Socket.
[[0;32m  OK  [0m] Listening on fsck to fsckd communication Socket.
[[0;32m  OK  [0m] Listening on Journal Socket (/dev/log).
[[0;32m  OK  [0m] Listening on LVM2 metadata daemon socket.
[[0;32m  OK  [0m] Listening on Journal Socket.
         Starting Create list of required st…ce nodes for the current kernel...
         Mounting POSIX Message Queue File System...
         Starting Nameserver information manager...
         Starting Journal Service...
         Starting Set the console keyboard layout...
         Starting Uncomplicated firewall...
         Starting Remount Root and Kernel File Systems...
         Mounting Huge Pages File System...
[[0;32m  OK  [0m] Listening on udev Control Socket.
[   15.442700] EXT4-fs (sda1): re-mounted. Opts: (null)
[[0;32m  OK  [0m] Reached target Mounted snaps.
         Starting Load Kernel Modules...
[[0;32m  OK  [0m] Created slice User and Session Slice.
[[0;32m  OK  [0m] Reached target Slices.
         Mounting Kernel Debug File System...
[[0;32m  OK  [0m] Listening on Device-mapper event daemon FIFOs.
         Starting Monitoring of LVM2 mirrors…ng dmeventd or progress polling...
[[0;32m  OK  [0m] Created slice system-serial\x2dgetty.slice.
[[0;32m  OK  [0m] Listening on udev Kernel Socket.
         Starting udev Coldplug all Devices...
[[0;32m  OK  [0m] Started Journal Service.
[[0;32m  OK  [0m] Started Create list of required sta…vice nodes for the current kernel.
[[0;32m  OK  [0m] Mounted POSIX Message Queue File System.
[[0;32m  OK  [0m] Started Uncomplicated firewall.
[[0;32m  OK  [0m] Started Remount Root and Kernel File Systems.
[[0;32m  OK  [0m] Mounted Huge Pages File System.
[[0;32m  OK  [0m] Mounted Kernel Debug File System.
[   15.483634] Loading iSCSI transport class v2.0-870.
         Starting Load/Save Random Seed...
         Starting Create Static Device Nodes in /dev...
         Starting Flush Journal to Persistent Storage...
[[0;32m  OK  [0m] Started Nameserver information manager.
[[0;32m  OK  [0m] Started LVM2 metadata daemon.
[   15.548354] iscsi: registered transport (tcp)
[[0;32m  OK  [0m] Started Load/Save Random Seed.
[[0;32m  OK  [0m] Started Create Static Device Nodes in /dev.
[[0;32m  OK  [0m] Started udev Coldplug all Devices.
         Starting udev Kernel Device Manager...
[   15.611039] systemd-journald[443]: Received request to flush runtime journal from PID 1
[   15.637355] iscsi: registered transport (iser)
[[0;32m  OK  [0m] Started Load Kernel Modules.
         Mounting FUSE Control File System...
         Starting Apply Kernel Variables...
         Mounting Kernel Configuration File System...
[[0;32m  OK  [0m] Started udev Kernel Device Manager.
[[0;32m  OK  [0m] Mounted FUSE Control File System.
[[0;32m  OK  [0m] Mounted Kernel Configuration File System.
[[0;32m  OK  [0m] Started Monitoring of LVM2 mirrors,…sing dmeventd or progress polling.
[[0;32m  OK  [0m] Started Apply Kernel Variables.
[[0;32m  OK  [0m] Started Flush Journal to Persistent Storage.
[[0;32m  OK  [0m] Found device /dev/ttyS0.
[[0;32m  OK  [0m] Listening on Load/Save RF Kill Switch Status /dev/rfkill Watch.
[[0;32m  OK  [0m] Found device 82540EM Gigabit Ethern…ler (PRO/1000 MT Desktop Adapter).
[[0;32m  OK  [0m] Found device 82540EM Gigabit Ethern…ler (PRO/1000 MT Desktop Adapter).
         Mounting Arbitrary Executable File Formats File System...
[[0;32m  OK  [0m] Mounted Arbitrary Executable File Formats File System.
[[0;32m  OK  [0m] Started Set the console keyboard layout.
[[0;32m  OK  [0m] Reached target Local File Systems (Pre).
[[0;32m  OK  [0m] Reached target Local File Systems.
         Starting AppArmor initialization...
         Starting Tell Plymouth To Write Out Runtime Data...
         Starting Create Volatile Files and Directories...
         Starting Set console font and keymap...
         Starting ebtables ruleset management...
[[0;32m  OK  [0m] Started Dispatch Password Requests to Console Directory Watch.
[[0;32m  OK  [0m] Reached target Local Encrypted Volumes.
[[0;32m  OK  [0m] Started Tell Plymouth To Write Out Runtime Data.
[[0;32m  OK  [0m] Started Set console font and keymap.
[[0;32m  OK  [0m] Reached target Sound Card.
[[0;32m  OK  [0m] Started Create Volatile Files and Directories.
         Starting Network Name Resolution...
         Starting Update UTMP about System Boot/Shutdown...
[[0;32m  OK  [0m] Started Update UTMP about System Boot/Shutdown.
[[0;32m  OK  [0m] Started ebtables ruleset management.
[[0;32m  OK  [0m] Started Network Name Resolution.
[[0;32m  OK  [0m] Reached target Host and Network Name Lookups.
[[0;32m  OK  [0m] Started AppArmor initialization.
         Starting Load AppArmor profiles managed internally by snapd...
         Starting Initial cloud-init job (pre-networking)...
[[0;32m  OK  [0m] Started Load AppArmor profiles managed internally by snapd.
[   18.138146] cloud-init[862]: Cloud-init v. 23.1.2-0ubuntu0~18.04.1 running 'init-local' at Tue, 16 Dec 2025 15:13:53 +0000. Up 17.95 seconds.
[[0;32m  OK  [0m] Started Initial cloud-init job (pre-networking).
[[0;32m  OK  [0m] Reached target Network (Pre).
[[0;32m  OK  [0m] Started ifup for enp0s3.
[[0;32m  OK  [0m] Started ifup for enp0s8.
         Starting Raise network interfaces...
         Starting Tell Plymouth To Write Out Runtime Data...
         Stopping Network Name Resolution...
         Starting Network Time Synchronization...
[[0;32m  OK  [0m] Started Tell Plymouth To Write Out Runtime Data.
[[0;32m  OK  [0m] Stopped Network Name Resolution.
         Starting Network Name Resolution...
[[0;32m  OK  [0m] Started Network Time Synchronization.
[[0;32m  OK  [0m] Started Network Name Resolution.
         Stopping Network Name Resolution...
         Starting Tell Plymouth To Write Out Runtime Data...
[[0;32m  OK  [0m] Stopped Network Name Resolution.
         Starting Network Name Resolution...
[[0;32m  OK  [0m] Started Tell Plymouth To Write Out Runtime Data.
[[0;32m  OK  [0m] Started Network Name Resolution.
[[0;32m  OK  [0m] Started Raise network interfaces.
[[0;32m  OK  [0m] Reached target Network.
         Starting Initial cloud-init job (metadata service crawler)...
[   19.483940] cloud-init[1324]: Cloud-init v. 23.1.2-0ubuntu0~18.04.1 running 'init' at Tue, 16 Dec 2025 15:13:54 +0000. Up 19.36 seconds.
[   19.485283] cloud-init[1324]: ci-info: ++++++++++++++++++++++++++++++++++++++Net device info+++++++++++++++++++++++++++++++++++++++
[   19.486054] cloud-init[1324]: ci-info: +--------+------+-----------------------------+---------------+--------+-------------------+
[   19.487714] cloud-init[1324]: ci-info: | Device |  Up  |           Address           |      Mask     | Scope  |     Hw-Address    |
[   19.489121] cloud-init[1324]: ci-info: +--------+------+-----------------------------+---------------+--------+-------------------+
[   19.490072] cloud-init[1324]: ci-info: | enp0s3 | True |          10.0.2.15          | 255.255.255.0 | global | 02:be:82:6b:cc:1d |
[   19.491016] cloud-init[1324]: ci-info: | enp0s3 | True |  fe80::be:82ff:fe6b:cc1d/64 |       .       |  link  | 02:be:82:6b:cc:1d |
[   19.508772] cloud-init[1324]: ci-info: | enp0s8 | True |        192.168.1.122        | 255.255.255.0 | global | 08:00:27:c6:d1:07 |
[   19.509807] cloud-init[1324]: ci-info: | enp0s8 | True | fe80::a00:27ff:fec6:d107/64 |       .       |  link  | 08:00:27:c6:d1:07 |
[   19.510895] cloud-init[1324]: ci-info: |   lo   | True |          127.0.0.1          |   255.0.0.0   |  host  |         .         |
[   19.524551] cloud-init[1324]: ci-info: |   lo   | True |           ::1/128           |       .       |  host  |         .         |
[   19.525316] cloud-init[1324]: ci-info: +--------+------+-----------------------------+---------------+--------+-------------------+
[   19.526249] cloud-init[1324]: ci-info: +++++++++++++++++++++++++++Route IPv4 info++++++++++++++++++++++++++++
[   19.527541] cloud-init[1324]: ci-info: +-------+-------------+----------+---------------+-----------+-------+
[   19.540254] cloud-init[1324]: ci-info: | Route | Destination | Gateway  |    Genmask    | Interface | Flags |
[   19.540866] cloud-init[1324]: ci-info: +-------+-------------+----------+---------------+-----------+-------+
[   19.552164] cloud-init[1324]: ci-info: |   0   |   0.0.0.0   | 10.0.2.2 |    0.0.0.0    |   enp0s3  |   UG  |
[   19.552945] cloud-init[1324]: ci-info: |   1   |   10.0.2.0  | 0.0.0.0  | 255.255.255.0 |   enp0s3  |   U   |
[   19.553739] cloud-init[1324]: ci-info: |   2   | 192.168.1.0 | 0.0.0.0  | 255.255.255.0 |   enp0s8  |   U   |
[   19.554576] cloud-init[1324]: ci-info: +-------+-------------+----------+---------------+-----------+-------+
[   19.555406] cloud-init[1324]: ci-info: +++++++++++++++++++Route IPv6 info+++++++++++++++++++
[   19.556128] cloud-init[1324]: ci-info: +-------+-------------+---------+-----------+-------+
[   19.556764] cloud-init[1324]: ci-info: | Route | Destination | Gateway | Interface | Flags |
[   19.557414] cloud-init[1324]: ci-info: +-------+-------------+---------+-----------+-------+
[   19.558079] cloud-init[1324]: ci-info: |   1   |  fe80::/64  |    ::   |   enp0s3  |   U   |
[   19.558798] cloud-init[1324]: ci-info: |   2   |  fe80::/64  |    ::   |   enp0s8  |   U   |
[   19.559487] cloud-init[1324]: ci-info: |   4   |   ff00::/8  |    ::   |   enp0s3  |   U   |
[   19.572376] cloud-init[1324]: ci-info: |   5   |   ff00::/8  |    ::   |   enp0s8  |   U   |
[   19.573119] cloud-init[1324]: ci-info: +-------+-------------+---------+-----------+-------+
[[0;32m  OK  [0m] Started Initial cloud-init job (metadata service crawler).
[[0;32m  OK  [0m] Reached target Network is Online.
         Starting Availability of block devices...
[[0;32m  OK  [0m] Reached target Remote File Systems (Pre).
         Mounting /vagrant...
[[0;32m  OK  [0m] Reached target Cloud-config availability.
[[0;32m  OK  [0m] Reached target System Initialization.
[[0;32m  OK  [0m] Started Daily Cleanup of Temporary Directories.
[[0;32m  OK  [0m] Started resolvconf-pull-resolved.path.
[[0;32m  OK  [0m] Listening on ACPID Listen Socket.
[[0;32m  OK  [0m] Listening on Open-iSCSI iscsid Socket.
[[0;32m  OK  [0m] Listening on UUID daemon activation socket.
[[0;32m  OK  [0m] Started Discard unused blocks once a week.
         Starting Socket activation for snappy daemon.
[[0;32m  OK  [0m] Started ACPI Events Check.
[[0;32m  OK  [0m] Reached target Paths.
[[0;32m  OK  [0m] Started Message of the Day.
[[0;32m  OK  [0m] Listening on cloud-init hotplug hook socket.
[[0;32m  OK  [0m] Listening on D-Bus System Message Bus Socket.
[[0;32m  OK  [0m] Started Daily apt download activities.
[[0;32m  OK  [0m] Started Daily apt upgrade and clean activities.
[[0;32m  OK  [0m] Reached target Timers.
         Starting LXD - unix socket.
[[0;32m  OK  [0m] Started Availability of block devices.
[[0;32m  OK  [0m] Mounted /vagrant.
[[0;32m  OK  [0m] Listening on Socket activation for snappy daemon.
[[0;32m  OK  [0m] Listening on LXD - unix socket.
[[0;32m  OK  [0m] Reached target Sockets.
[[0;32m  OK  [0m] Reached target Basic System.
         Starting Login Service...
         Starting Snap Daemon...
         Starting Thermal Daemon Service...
         Starting Accounts Service...
[[0;32m  OK  [0m] Started FUSE filesystem for LXC.
[[0;32m  OK  [0m] Started D-Bus System Message Bus.
         Starting System Logging Service...
[[0;32m  OK  [0m] Reached target Login Prompts (Pre).
         Starting LSB: Record successful boot for GRUB...
[[0;32m  OK  [0m] Started Regular background program processing daemon.
[[0;32m  OK  [0m] Started irqbalance daemon.
         Starting OpenBSD Secure Shell server...
[[0;32m  OK  [0m] Started Deferred execution scheduler.
         Starting resolvconf-pull-resolved.service...
         Starting Dispatcher daemon for systemd-networkd...
         Starting LXD - container startup/shutdown...
[[0;32m  OK  [0m] Reached target Remote File Systems.
         Starting LSB: automatic crash report generation...
         Starting Permit User Sessions...
[[0;32m  OK  [0m] Started System Logging Service.
[[0;32m  OK  [0m] Started Thermal Daemon Service.
[[0;32m  OK  [0m] Started resolvconf-pull-resolved.service.
[[0;32m  OK  [0m] Started Login Service.
         Starting Authorization Manager...
[[0;32m  OK  [0m] Started Unattended Upgrades Shutdown.
[[0;32m  OK  [0m] Started Permit User Sessions.
         Starting Hold until boot process finishes up...
         Starting Terminate Plymouth Boot Screen...
[[0;32m  OK  [0m] Started Hold until boot process finishes up.
         Starting Set console scheme...
[[0;32m  OK  [0m] Started Serial Getty on ttyS0.
[[0;32m  OK  [0m] Started Terminate Plymouth Boot Screen.
[[0;32m  OK  [0m] Started Authorization Manager.
[[0;32m  OK  [0m] Started Accounts Service.
[[0;32m  OK  [0m] Started OpenBSD Secure Shell server.
[[0;32m  OK  [0m] Started Set console scheme.
[[0;32m  OK  [0m] Created slice system-getty.slice.
[[0;32m  OK  [0m] Started Getty on tty1.
[[0;32m  OK  [0m] Reached target Login Prompts.
[[0;32m  OK  [0m] Started LSB: automatic crash report generation.
[[0;32m  OK  [0m] Started LSB: Record successful boot for GRUB.
[[0;32m  OK  [0m] Started Dispatcher daemon for systemd-networkd.
[[0;32m  OK  [0m] Started LXD - container startup/shutdown.
[[0;32m  OK  [0m] Started Snap Daemon.
         Starting Wait until snapd is fully seeded...
         Starting Time & Date Service...
[[0;32m  OK  [0m] Started Time & Date Service.
[[0;32m  OK  [0m] Started Wait until snapd is fully seeded.
[[0;32m  OK  [0m] Reached target Multi-User System.
[[0;32m  OK  [0m] Reached target Graphical Interface.
         Starting Update UTMP about System Runlevel Changes...
         Starting Apply the settings specified in cloud-config...
[[0;32m  OK  [0m] Started Update UTMP about System Runlevel Changes.
[   21.588552] cloud-init[1904]: Cloud-init v. 23.1.2-0ubuntu0~18.04.1 running 'modules:config' at Tue, 16 Dec 2025 15:13:56 +0000. Up 21.49 seconds.
[[0;32m  OK  [0m] Started Apply the settings specified in cloud-config.
         Starting Execute cloud user/final scripts...
[   22.120238] cloud-init[1946]: Cloud-init v. 23.1.2-0ubuntu0~18.04.1 running 'modules:final' at Tue, 16 Dec 2025 15:13:57 +0000. Up 21.99 seconds.
[   22.121941] cloud-init[1946]: Cloud-init v. 23.1.2-0ubuntu0~18.04.1 finished at Tue, 16 Dec 2025 15:13:57 +0000. Datasource DataSourceNoCloud [seed=/dev/sdb][dsmode=net].  Up 22.11 seconds
[[0;32m  OK  [0m] Started Execute cloud user/final scripts.
[[0;32m  OK  [0m] Reached target Cloud-init target.

Ubuntu 18.04.6 LTS ubuntu-xenial ttyS0

ubuntu-xenial login: 